2026-01-18T00:02:48.044+08:00  WARN 43964 --- [main] c.a.nacos.client.logging.NacosLogging    : Load Logback Configuration of Nacos fail, message: Could not initialize Logback Nacos logging from classpath:nacos-logback.xml
2026-01-18T00:02:48.057+08:00  WARN 43964 --- [main] c.a.nacos.client.logging.NacosLogging    : Load Logback Configuration of Nacos fail, message: Could not initialize Logback Nacos logging from classpath:nacos-logback.xml
2026-01-18T00:02:48.059+08:00  INFO 43964 --- [main] com.spring.BlogServiceApplication        : No active profile set, falling back to 1 default profile: "default"
2026-01-18T00:02:48.389+08:00  INFO 43964 --- [main] .s.d.r.c.RepositoryConfigurationDelegate : Multiple Spring Data modules found, entering strict repository configuration mode
2026-01-18T00:02:48.395+08:00  INFO 43964 --- [main] .s.d.r.c.RepositoryConfigurationDelegate : Bootstrapping Spring Data Redis repositories in DEFAULT mode.
2026-01-18T00:02:48.412+08:00  INFO 43964 --- [main] .s.d.r.c.RepositoryConfigurationDelegate : Finished Spring Data repository scanning in 9 ms. Found 0 Redis repository interfaces.
2026-01-18T00:02:48.531+08:00  INFO 43964 --- [main] o.s.cloud.context.scope.GenericScope     : BeanFactory id=4b5fd34c-b459-324c-9d73-fc0c7290c2fc
2026-01-18T00:02:48.789+08:00  INFO 43964 --- [main] o.s.b.w.embedded.tomcat.TomcatWebServer  : Tomcat initialized with port(s): 9090 (http)
2026-01-18T00:02:48.795+08:00  INFO 43964 --- [main] o.apache.catalina.core.StandardService   : Starting service [Tomcat]
2026-01-18T00:02:48.795+08:00  INFO 43964 --- [main] o.apache.catalina.core.StandardEngine    : Starting Servlet engine: [Apache Tomcat/10.1.16]
2026-01-18T00:02:48.860+08:00  INFO 43964 --- [main] o.a.c.c.C.[Tomcat].[localhost].[/]       : Initializing Spring embedded WebApplicationContext
2026-01-18T00:02:48.860+08:00  INFO 43964 --- [main] w.s.c.ServletWebServerApplicationContext : Root WebApplicationContext: initialization completed in 792 ms
2026-01-18T00:02:50.027+08:00  WARN 43964 --- [main] iguration$LoadBalancerCaffeineWarnLogger : Spring Cloud LoadBalancer is currently working with the default cache. While this cache implementation is useful for development and tests, it's recommended to use Caffeine cache in production.You can switch to using Caffeine cache, by adding it and org.springframework.cache.caffeine.CaffeineCacheManager to the classpath.
2026-01-18T00:02:50.067+08:00  INFO 43964 --- [main] o.s.b.w.embedded.tomcat.TomcatWebServer  : Tomcat started on port(s): 9090 (http) with context path ''
2026-01-18T00:02:50.070+08:00  WARN 43964 --- [main] c.a.nacos.client.logging.NacosLogging    : Load Logback Configuration of Nacos fail, message: Could not initialize Logback Nacos logging from classpath:nacos-logback.xml
2026-01-18T00:02:50.070+08:00  INFO 43964 --- [main] com.alibaba.nacos.client.naming          : initializer namespace from ans.namespace attribute : null
2026-01-18T00:02:50.071+08:00  INFO 43964 --- [main] com.alibaba.nacos.client.naming          : initializer namespace from ALIBABA_ALIWARE_NAMESPACE attribute :null
2026-01-18T00:02:50.071+08:00  INFO 43964 --- [main] com.alibaba.nacos.client.naming          : initializer namespace from namespace attribute :null
2026-01-18T00:02:50.084+08:00  INFO 43964 --- [main] c.alibaba.nacos.client.utils.ParamUtil   : [settings] [req-serv] nacos-server port:8848
2026-01-18T00:02:50.084+08:00  INFO 43964 --- [main] c.alibaba.nacos.client.utils.ParamUtil   : [settings] [http-client] connect timeout:1000
2026-01-18T00:02:50.084+08:00  INFO 43964 --- [main] c.alibaba.nacos.client.utils.ParamUtil   : PER_TASK_CONFIG_SIZE: 3000.0
2026-01-18T00:02:50.086+08:00  INFO 43964 --- [main] c.a.n.p.a.s.c.ClientAuthPluginManager    : [ClientAuthPluginManager] Load ClientAuthService com.alibaba.nacos.client.auth.impl.NacosClientAuthServiceImpl success.
2026-01-18T00:02:50.086+08:00  INFO 43964 --- [main] c.a.n.p.a.s.c.ClientAuthPluginManager    : [ClientAuthPluginManager] Load ClientAuthService com.alibaba.nacos.client.auth.ram.RamClientAuthServiceImpl success.
2026-01-18T00:02:50.088+08:00  INFO 43964 --- [main] c.a.n.c.a.r.identify.CredentialWatcher   : null No credential found
2026-01-18T00:02:50.093+08:00  INFO 43964 --- [main] com.alibaba.nacos.common.remote.client   : [RpcClientFactory] create a new rpc client of 08a941ea-5d02-4a13-ab42-b06802deed7d
2026-01-18T00:02:50.103+08:00  INFO 43964 --- [main] com.alibaba.nacos.common.remote.client   : [08a941ea-5d02-4a13-ab42-b06802deed7d] RpcClient init, ServerListFactory = com.alibaba.nacos.client.naming.core.ServerListManager
2026-01-18T00:02:50.103+08:00  INFO 43964 --- [main] com.alibaba.nacos.common.remote.client   : [08a941ea-5d02-4a13-ab42-b06802deed7d] Registry connection listener to current client:com.alibaba.nacos.client.naming.remote.gprc.redo.NamingGrpcRedoService
2026-01-18T00:02:50.103+08:00  INFO 43964 --- [main] com.alibaba.nacos.common.remote.client   : [08a941ea-5d02-4a13-ab42-b06802deed7d] Register server push request handler:com.alibaba.nacos.client.naming.remote.gprc.NamingPushRequestHandler
2026-01-18T00:02:50.104+08:00  INFO 43964 --- [main] com.alibaba.nacos.common.remote.client   : [08a941ea-5d02-4a13-ab42-b06802deed7d] Try to connect to server on start up, server: {serverIp = '43.138.24.159', server main port = 8848}
2026-01-18T00:02:50.119+08:00  INFO 43964 --- [main] c.a.n.c.remote.client.grpc.GrpcClient    : grpc client connection server:43.138.24.159 ip,serverPort:9848,grpcTslConfig:{"sslProvider":"OPENSSL","enableTls":false,"mutualAuthEnable":false,"trustAll":false}
2026-01-18T00:02:51.008+08:00  INFO 43964 --- [main] com.alibaba.nacos.common.remote.client   : [08a941ea-5d02-4a13-ab42-b06802deed7d] Success to connect to server [43.138.24.159:8848] on start up, connectionId = 1768665772916_210.41.102.137_58428
2026-01-18T00:02:51.009+08:00  INFO 43964 --- [com.alibaba.nacos.client.remote.worker] com.alibaba.nacos.common.remote.client   : [08a941ea-5d02-4a13-ab42-b06802deed7d] Notify connected event to listeners.
2026-01-18T00:02:51.009+08:00  INFO 43964 --- [com.alibaba.nacos.client.remote.worker] com.alibaba.nacos.client.naming          : Grpc connection connect
2026-01-18T00:02:51.009+08:00  INFO 43964 --- [main] com.alibaba.nacos.common.remote.client   : [08a941ea-5d02-4a13-ab42-b06802deed7d] Register server push request handler:com.alibaba.nacos.common.remote.client.RpcClient$ConnectResetRequestHandler
2026-01-18T00:02:51.010+08:00  INFO 43964 --- [main] com.alibaba.nacos.common.remote.client   : [08a941ea-5d02-4a13-ab42-b06802deed7d] Register server push request handler:com.alibaba.nacos.common.remote.client.RpcClient$$Lambda$1205/0x0000024730817708
2026-01-18T00:02:51.011+08:00  INFO 43964 --- [main] com.alibaba.nacos.client.naming          : [REGISTER-SERVICE] public registering service blog-service with instance Instance{instanceId='null', ip='192.168.31.202', port=9090, weight=1.0, healthy=true, enabled=true, ephemeral=true, clusterName='DEFAULT', serviceName='null', metadata={IPv6=null, preserved.register.source=SPRING_CLOUD}}
2026-01-18T00:02:51.058+08:00  INFO 43964 --- [main] c.a.c.n.registry.NacosServiceRegistry    : nacos registry, DEFAULT_GROUP blog-service 192.168.31.202:9090 register finished
2026-01-18T00:02:51.276+08:00  INFO 43964 --- [main] com.spring.BlogServiceApplication        : Started BlogServiceApplication in 4.204 seconds (process running for 4.752)
2026-01-18T00:07:40.457+08:00  INFO 43964 --- [http-nio-9090-exec-1] o.a.c.c.C.[Tomcat].[localhost].[/]       : Initializing Spring DispatcherServlet 'dispatcherServlet'
2026-01-18T00:07:40.457+08:00  INFO 43964 --- [http-nio-9090-exec-1] o.s.web.servlet.DispatcherServlet        : Initializing Servlet 'dispatcherServlet'
2026-01-18T00:07:40.459+08:00  INFO 43964 --- [http-nio-9090-exec-1] o.s.web.servlet.DispatcherServlet        : Completed initialization in 2 ms
2026-01-18T00:07:40.485+08:00  INFO 43964 --- [http-nio-9090-exec-1] com.spring.controller.BlogController     : getBlogDetail, blogId: 1
2026-01-18T00:07:40.545+08:00  INFO 43964 --- [http-nio-9090-exec-1] com.zaxxer.hikari.HikariDataSource       : HikariPool-1 - Starting...
2026-01-18T00:07:40.668+08:00  INFO 43964 --- [http-nio-9090-exec-1] com.zaxxer.hikari.pool.HikariPool        : HikariPool-1 - Added connection com.mysql.cj.jdbc.ConnectionImpl@252ef6cb
2026-01-18T00:07:40.669+08:00  INFO 43964 --- [http-nio-9090-exec-1] com.zaxxer.hikari.HikariDataSource       : HikariPool-1 - Start completed.
2026-01-18T00:08:24.961+08:00  INFO 43964 --- [http-nio-9090-exec-4] com.spring.controller.BlogController     : getBlogDetail, blogId: 1
2026-01-18T00:10:00.831+08:00  WARN 43964 --- [Thread-8] c.a.n.common.http.HttpClientBeanHolder   : [HttpClientBeanHolder] Start destroying common HttpClient
2026-01-18T00:10:00.831+08:00  WARN 43964 --- [Thread-5] c.a.nacos.common.notify.NotifyCenter     : [NotifyCenter] Start destroying Publisher
2026-01-18T00:10:00.831+08:00  WARN 43964 --- [Thread-5] c.a.nacos.common.notify.NotifyCenter     : [NotifyCenter] Destruction of the end
2026-01-18T00:10:00.832+08:00  WARN 43964 --- [Thread-8] c.a.n.common.http.HttpClientBeanHolder   : [HttpClientBeanHolder] Destruction of the end
2026-01-18T00:10:00.865+08:00  INFO 43964 --- [SpringApplicationShutdownHook] c.a.c.n.registry.NacosServiceRegistry    : De-registering from Nacos Server now...
2026-01-18T00:10:00.865+08:00  INFO 43964 --- [SpringApplicationShutdownHook] com.alibaba.nacos.client.naming          : [DEREGISTER-SERVICE] public deregistering service blog-service with instance: Instance{instanceId='null', ip='192.168.31.202', port=9090, weight=1.0, healthy=true, enabled=true, ephemeral=true, clusterName='DEFAULT', serviceName='null', metadata={}}
2026-01-18T00:10:00.900+08:00  INFO 43964 --- [SpringApplicationShutdownHook] c.a.c.n.registry.NacosServiceRegistry    : De-registration finished.
2026-01-18T00:10:00.900+08:00  INFO 43964 --- [SpringApplicationShutdownHook] com.alibaba.nacos.client.naming          : com.alibaba.nacos.client.naming.cache.ServiceInfoHolder do shutdown begin
2026-01-18T00:10:00.900+08:00  INFO 43964 --- [SpringApplicationShutdownHook] com.alibaba.nacos.client.naming          : com.alibaba.nacos.client.naming.backups.FailoverReactor do shutdown begin
2026-01-18T00:10:00.900+08:00  INFO 43964 --- [SpringApplicationShutdownHook] com.alibaba.nacos.client.naming          : com.alibaba.nacos.client.naming.backups.FailoverReactor do shutdown stop
2026-01-18T00:10:00.900+08:00  INFO 43964 --- [SpringApplicationShutdownHook] com.alibaba.nacos.client.naming          : com.alibaba.nacos.client.naming.cache.ServiceInfoHolder do shutdown stop
2026-01-18T00:10:00.900+08:00  INFO 43964 --- [SpringApplicationShutdownHook] com.alibaba.nacos.client.naming          : com.alibaba.nacos.client.naming.remote.NamingClientProxyDelegate do shutdown begin
2026-01-18T00:10:00.900+08:00  INFO 43964 --- [SpringApplicationShutdownHook] com.alibaba.nacos.client.naming          : com.alibaba.nacos.client.naming.core.ServiceInfoUpdateService do shutdown begin
2026-01-18T00:10:00.901+08:00  INFO 43964 --- [SpringApplicationShutdownHook] com.alibaba.nacos.client.naming          : com.alibaba.nacos.client.naming.core.ServiceInfoUpdateService do shutdown stop
2026-01-18T00:10:00.901+08:00  INFO 43964 --- [SpringApplicationShutdownHook] com.alibaba.nacos.client.naming          : com.alibaba.nacos.client.naming.core.ServerListManager do shutdown begin
2026-01-18T00:10:00.901+08:00  WARN 43964 --- [SpringApplicationShutdownHook] com.alibaba.nacos.client.naming          : [NamingHttpClientManager] Start destroying NacosRestTemplate
2026-01-18T00:10:00.901+08:00  WARN 43964 --- [SpringApplicationShutdownHook] com.alibaba.nacos.client.naming          : [NamingHttpClientManager] Destruction of the end
2026-01-18T00:10:00.901+08:00  INFO 43964 --- [SpringApplicationShutdownHook] com.alibaba.nacos.client.naming          : com.alibaba.nacos.client.naming.core.ServerListManager do shutdown stop
2026-01-18T00:10:00.901+08:00  INFO 43964 --- [SpringApplicationShutdownHook] com.alibaba.nacos.client.naming          : com.alibaba.nacos.client.naming.remote.http.NamingHttpClientProxy do shutdown begin
2026-01-18T00:10:00.901+08:00  WARN 43964 --- [SpringApplicationShutdownHook] com.alibaba.nacos.client.naming          : [NamingHttpClientManager] Start destroying NacosRestTemplate
2026-01-18T00:10:00.901+08:00  WARN 43964 --- [SpringApplicationShutdownHook] com.alibaba.nacos.client.naming          : [NamingHttpClientManager] Destruction of the end
2026-01-18T00:10:00.901+08:00  INFO 43964 --- [SpringApplicationShutdownHook] com.alibaba.nacos.client.naming          : com.alibaba.nacos.client.naming.remote.http.NamingHttpClientProxy do shutdown stop
2026-01-18T00:10:00.901+08:00  INFO 43964 --- [SpringApplicationShutdownHook] com.alibaba.nacos.common.remote.client   : Shutdown rpc client, set status to shutdown
2026-01-18T00:10:00.901+08:00  INFO 43964 --- [SpringApplicationShutdownHook] com.alibaba.nacos.common.remote.client   : Shutdown client event executor java.util.concurrent.ScheduledThreadPoolExecutor@44373b38[Running, pool size = 2, active threads = 2, queued tasks = 0, completed tasks = 0]
2026-01-18T00:10:00.901+08:00  INFO 43964 --- [SpringApplicationShutdownHook] com.alibaba.nacos.common.remote.client   : Close current connection 1768665772916_210.41.102.137_58428
2026-01-18T00:10:00.902+08:00  WARN 43964 --- [nacos-grpc-client-executor-43.138.24.159-101] c.a.n.c.remote.client.grpc.GrpcClient    : [1768665772916_210.41.102.137_58428]Ignore error event,isRunning:false,isAbandon=false
2026-01-18T00:10:00.903+08:00  INFO 43964 --- [SpringApplicationShutdownHook] c.a.n.c.remote.client.grpc.GrpcClient    : Shutdown grpc executor java.util.concurrent.ThreadPoolExecutor@20f49027[Running, pool size = 4, active threads = 0, queued tasks = 0, completed tasks = 102]
2026-01-18T00:10:00.903+08:00  INFO 43964 --- [SpringApplicationShutdownHook] com.alibaba.nacos.client.naming          : Shutdown grpc redo service executor java.util.concurrent.ScheduledThreadPoolExecutor@6840dfb2[Running, pool size = 1, active threads = 0, queued tasks = 1, completed tasks = 143]
2026-01-18T00:10:00.903+08:00  INFO 43964 --- [SpringApplicationShutdownHook] c.a.n.c.a.r.identify.CredentialWatcher   : [null] CredentialWatcher is stopped
2026-01-18T00:10:00.904+08:00  INFO 43964 --- [SpringApplicationShutdownHook] c.a.n.c.a.r.identify.CredentialService   : [null] CredentialService is freed
2026-01-18T00:10:00.904+08:00  INFO 43964 --- [SpringApplicationShutdownHook] com.alibaba.nacos.client.naming          : com.alibaba.nacos.client.naming.remote.NamingClientProxyDelegate do shutdown stop
2026-01-18T00:10:00.905+08:00  INFO 43964 --- [SpringApplicationShutdownHook] com.zaxxer.hikari.HikariDataSource       : HikariPool-1 - Shutdown initiated...
2026-01-18T00:10:00.908+08:00  INFO 43964 --- [SpringApplicationShutdownHook] com.zaxxer.hikari.HikariDataSource       : HikariPool-1 - Shutdown completed.
