2026-01-18T00:02:32.410+08:00  WARN 28096 --- [main] c.a.nacos.client.logging.NacosLogging    : Load Logback Configuration of Nacos fail, message: Could not initialize Logback Nacos logging from classpath:nacos-logback.xml
2026-01-18T00:02:32.444+08:00  WARN 28096 --- [main] c.a.nacos.client.logging.NacosLogging    : Load Logback Configuration of Nacos fail, message: Could not initialize Logback Nacos logging from classpath:nacos-logback.xml
2026-01-18T00:02:32.445+08:00  INFO 28096 --- [main] com.spring.UserServiceApplication        : No active profile set, falling back to 1 default profile: "default"
2026-01-18T00:02:32.989+08:00  INFO 28096 --- [main] .s.d.r.c.RepositoryConfigurationDelegate : Multiple Spring Data modules found, entering strict repository configuration mode
2026-01-18T00:02:32.991+08:00  INFO 28096 --- [main] .s.d.r.c.RepositoryConfigurationDelegate : Bootstrapping Spring Data Redis repositories in DEFAULT mode.
2026-01-18T00:02:33.019+08:00  INFO 28096 --- [main] .s.d.r.c.RepositoryConfigurationDelegate : Finished Spring Data repository scanning in 14 ms. Found 0 Redis repository interfaces.
2026-01-18T00:02:33.184+08:00  INFO 28096 --- [main] o.s.cloud.context.scope.GenericScope     : BeanFactory id=619fcee2-8d53-3725-8a9d-45ab7f471684
2026-01-18T00:02:33.698+08:00  INFO 28096 --- [main] o.s.b.w.embedded.tomcat.TomcatWebServer  : Tomcat initialized with port(s): 8080 (http)
2026-01-18T00:02:33.706+08:00  INFO 28096 --- [main] o.apache.catalina.core.StandardService   : Starting service [Tomcat]
2026-01-18T00:02:33.707+08:00  INFO 28096 --- [main] o.apache.catalina.core.StandardEngine    : Starting Servlet engine: [Apache Tomcat/10.1.16]
2026-01-18T00:02:33.834+08:00  INFO 28096 --- [main] o.a.c.c.C.[Tomcat].[localhost].[/]       : Initializing Spring embedded WebApplicationContext
2026-01-18T00:02:33.835+08:00  INFO 28096 --- [main] w.s.c.ServletWebServerApplicationContext : Root WebApplicationContext: initialization completed in 1374 ms
2026-01-18T00:02:34.573+08:00  INFO 28096 --- [main] o.s.c.openfeign.FeignClientFactoryBean   : For 'blog-service' URL not provided. Will try picking an instance via load-balancing.
2026-01-18T00:02:36.055+08:00  INFO 28096 --- [main] c.a.c.sentinel.SentinelWebMvcConfigurer  : [Sentinel Starter] register SentinelWebInterceptor with urlPatterns: [/**].
2026-01-18T00:02:37.090+08:00  WARN 28096 --- [main] iguration$LoadBalancerCaffeineWarnLogger : Spring Cloud LoadBalancer is currently working with the default cache. While this cache implementation is useful for development and tests, it's recommended to use Caffeine cache in production.You can switch to using Caffeine cache, by adding it and org.springframework.cache.caffeine.CaffeineCacheManager to the classpath.
2026-01-18T00:02:37.250+08:00  INFO 28096 --- [main] o.s.b.w.embedded.tomcat.TomcatWebServer  : Tomcat started on port(s): 8080 (http) with context path ''
2026-01-18T00:02:37.254+08:00  WARN 28096 --- [main] c.a.nacos.client.logging.NacosLogging    : Load Logback Configuration of Nacos fail, message: Could not initialize Logback Nacos logging from classpath:nacos-logback.xml
2026-01-18T00:02:37.255+08:00  INFO 28096 --- [main] com.alibaba.nacos.client.naming          : initializer namespace from ans.namespace attribute : null
2026-01-18T00:02:37.255+08:00  INFO 28096 --- [main] com.alibaba.nacos.client.naming          : initializer namespace from ALIBABA_ALIWARE_NAMESPACE attribute :null
2026-01-18T00:02:37.255+08:00  INFO 28096 --- [main] com.alibaba.nacos.client.naming          : initializer namespace from namespace attribute :null
2026-01-18T00:02:37.276+08:00  INFO 28096 --- [main] c.alibaba.nacos.client.utils.ParamUtil   : [settings] [req-serv] nacos-server port:8848
2026-01-18T00:02:37.276+08:00  INFO 28096 --- [main] c.alibaba.nacos.client.utils.ParamUtil   : [settings] [http-client] connect timeout:1000
2026-01-18T00:02:37.277+08:00  INFO 28096 --- [main] c.alibaba.nacos.client.utils.ParamUtil   : PER_TASK_CONFIG_SIZE: 3000.0
2026-01-18T00:02:37.280+08:00  INFO 28096 --- [main] c.a.n.p.a.s.c.ClientAuthPluginManager    : [ClientAuthPluginManager] Load ClientAuthService com.alibaba.nacos.client.auth.impl.NacosClientAuthServiceImpl success.
2026-01-18T00:02:37.281+08:00  INFO 28096 --- [main] c.a.n.p.a.s.c.ClientAuthPluginManager    : [ClientAuthPluginManager] Load ClientAuthService com.alibaba.nacos.client.auth.ram.RamClientAuthServiceImpl success.
2026-01-18T00:02:37.283+08:00  INFO 28096 --- [main] c.a.n.c.a.r.identify.CredentialWatcher   : null No credential found
2026-01-18T00:02:37.292+08:00  INFO 28096 --- [main] com.alibaba.nacos.common.remote.client   : [RpcClientFactory] create a new rpc client of 8831a192-ee5e-4497-aad3-b762f832b98d
2026-01-18T00:02:37.310+08:00  INFO 28096 --- [main] com.alibaba.nacos.common.remote.client   : [8831a192-ee5e-4497-aad3-b762f832b98d] RpcClient init, ServerListFactory = com.alibaba.nacos.client.naming.core.ServerListManager
2026-01-18T00:02:37.310+08:00  INFO 28096 --- [main] com.alibaba.nacos.common.remote.client   : [8831a192-ee5e-4497-aad3-b762f832b98d] Registry connection listener to current client:com.alibaba.nacos.client.naming.remote.gprc.redo.NamingGrpcRedoService
2026-01-18T00:02:37.310+08:00  INFO 28096 --- [main] com.alibaba.nacos.common.remote.client   : [8831a192-ee5e-4497-aad3-b762f832b98d] Register server push request handler:com.alibaba.nacos.client.naming.remote.gprc.NamingPushRequestHandler
2026-01-18T00:02:37.312+08:00  INFO 28096 --- [main] com.alibaba.nacos.common.remote.client   : [8831a192-ee5e-4497-aad3-b762f832b98d] Try to connect to server on start up, server: {serverIp = '43.138.24.159', server main port = 8848}
2026-01-18T00:02:37.315+08:00  INFO 28096 --- [main] c.a.n.c.remote.client.grpc.GrpcClient    : grpc client connection server:43.138.24.159 ip,serverPort:9848,grpcTslConfig:{"sslProvider":"OPENSSL","enableTls":false,"mutualAuthEnable":false,"trustAll":false}
2026-01-18T00:02:38.153+08:00  INFO 28096 --- [main] com.alibaba.nacos.common.remote.client   : [8831a192-ee5e-4497-aad3-b762f832b98d] Success to connect to server [43.138.24.159:8848] on start up, connectionId = 1768665760080_210.41.102.137_58401
2026-01-18T00:02:38.154+08:00  INFO 28096 --- [com.alibaba.nacos.client.remote.worker] com.alibaba.nacos.common.remote.client   : [8831a192-ee5e-4497-aad3-b762f832b98d] Notify connected event to listeners.
2026-01-18T00:02:38.154+08:00  INFO 28096 --- [main] com.alibaba.nacos.common.remote.client   : [8831a192-ee5e-4497-aad3-b762f832b98d] Register server push request handler:com.alibaba.nacos.common.remote.client.RpcClient$ConnectResetRequestHandler
2026-01-18T00:02:38.154+08:00  INFO 28096 --- [com.alibaba.nacos.client.remote.worker] com.alibaba.nacos.client.naming          : Grpc connection connect
2026-01-18T00:02:38.154+08:00  INFO 28096 --- [main] com.alibaba.nacos.common.remote.client   : [8831a192-ee5e-4497-aad3-b762f832b98d] Register server push request handler:com.alibaba.nacos.common.remote.client.RpcClient$$Lambda$1417/0x0000018b04917da8
2026-01-18T00:02:38.155+08:00  INFO 28096 --- [main] com.alibaba.nacos.client.naming          : [REGISTER-SERVICE] public registering service user-service with instance Instance{instanceId='null', ip='192.168.31.202', port=8080, weight=1.0, healthy=true, enabled=true, ephemeral=true, clusterName='DEFAULT', serviceName='null', metadata={IPv6=null, preserved.register.source=SPRING_CLOUD}}
2026-01-18T00:02:38.202+08:00  INFO 28096 --- [main] c.a.c.n.registry.NacosServiceRegistry    : nacos registry, DEFAULT_GROUP user-service 192.168.31.202:8080 register finished
2026-01-18T00:02:38.396+08:00  INFO 28096 --- [main] o.s.a.r.c.CachingConnectionFactory       : Attempting to connect to: [43.138.24.159:5672]
2026-01-18T00:02:38.583+08:00  INFO 28096 --- [main] o.s.a.r.c.CachingConnectionFactory       : Created new connection: rabbitConnectionFactory#1eabfad5:0/SimpleConnection@56f19f36 [delegate=amqp://admin@43.138.24.159:5672/blog, localPort=58402]
2026-01-18T00:02:39.172+08:00  INFO 28096 --- [main] com.spring.UserServiceApplication        : Started UserServiceApplication in 7.978 seconds (process running for 8.58)
2026-01-18T00:02:46.775+08:00  WARN 35736 --- [main] c.a.nacos.client.logging.NacosLogging    : Load Logback Configuration of Nacos fail, message: Could not initialize Logback Nacos logging from classpath:nacos-logback.xml
2026-01-18T00:02:46.784+08:00  WARN 35736 --- [main] c.a.nacos.client.logging.NacosLogging    : Load Logback Configuration of Nacos fail, message: Could not initialize Logback Nacos logging from classpath:nacos-logback.xml
2026-01-18T00:02:46.785+08:00  INFO 35736 --- [main] com.spring.UserServiceApplication        : No active profile set, falling back to 1 default profile: "default"
2026-01-18T00:02:47.237+08:00  INFO 35736 --- [main] .s.d.r.c.RepositoryConfigurationDelegate : Multiple Spring Data modules found, entering strict repository configuration mode
2026-01-18T00:02:47.238+08:00  INFO 35736 --- [main] .s.d.r.c.RepositoryConfigurationDelegate : Bootstrapping Spring Data Redis repositories in DEFAULT mode.
2026-01-18T00:02:47.260+08:00  INFO 35736 --- [main] .s.d.r.c.RepositoryConfigurationDelegate : Finished Spring Data repository scanning in 13 ms. Found 0 Redis repository interfaces.
2026-01-18T00:02:47.419+08:00  INFO 35736 --- [main] o.s.cloud.context.scope.GenericScope     : BeanFactory id=52b90e31-2b5f-34e7-a4c7-a819ddf4926c
2026-01-18T00:02:47.812+08:00  INFO 35736 --- [main] o.s.b.w.embedded.tomcat.TomcatWebServer  : Tomcat initialized with port(s): 8080 (http)
2026-01-18T00:02:47.821+08:00  INFO 35736 --- [main] o.apache.catalina.core.StandardService   : Starting service [Tomcat]
2026-01-18T00:02:47.821+08:00  INFO 35736 --- [main] o.apache.catalina.core.StandardEngine    : Starting Servlet engine: [Apache Tomcat/10.1.16]
2026-01-18T00:02:47.890+08:00  INFO 35736 --- [main] o.a.c.c.C.[Tomcat].[localhost].[/]       : Initializing Spring embedded WebApplicationContext
2026-01-18T00:02:47.891+08:00  INFO 35736 --- [main] w.s.c.ServletWebServerApplicationContext : Root WebApplicationContext: initialization completed in 1093 ms
2026-01-18T00:02:48.179+08:00  INFO 35736 --- [main] o.s.c.openfeign.FeignClientFactoryBean   : For 'blog-service' URL not provided. Will try picking an instance via load-balancing.
2026-01-18T00:02:48.678+08:00  INFO 35736 --- [main] c.a.c.sentinel.SentinelWebMvcConfigurer  : [Sentinel Starter] register SentinelWebInterceptor with urlPatterns: [/**].
2026-01-18T00:02:49.491+08:00  WARN 35736 --- [main] iguration$LoadBalancerCaffeineWarnLogger : Spring Cloud LoadBalancer is currently working with the default cache. While this cache implementation is useful for development and tests, it's recommended to use Caffeine cache in production.You can switch to using Caffeine cache, by adding it and org.springframework.cache.caffeine.CaffeineCacheManager to the classpath.
2026-01-18T00:02:49.542+08:00  WARN 35736 --- [main] ocalVariableTableParameterNameDiscoverer : Using deprecated '-debug' fallback for parameter name resolution. Compile the affected code with '-parameters' instead or avoid its introspection: org.springframework.amqp.rabbit.core.RabbitAdmin
2026-01-18T00:02:49.573+08:00  WARN 35736 --- [main] ConfigServletWebServerApplicationContext : Exception encountered during context initialization - cancelling refresh attempt: org.springframework.context.ApplicationContextException: Failed to start bean 'webServerStartStop'
2026-01-18T00:02:49.585+08:00  INFO 35736 --- [main] o.apache.catalina.core.StandardService   : Stopping service [Tomcat]
2026-01-18T00:02:49.594+08:00  INFO 35736 --- [main] .s.b.a.l.ConditionEvaluationReportLogger : 

Error starting ApplicationContext. To display the condition evaluation report re-run your application with 'debug' enabled.
2026-01-18T00:02:49.602+08:00 ERROR 35736 --- [main] o.s.b.d.LoggingFailureAnalysisReporter   : 

***************************
APPLICATION FAILED TO START
***************************

Description:

Web server failed to start. Port 8080 was already in use.

Action:

Identify and stop the process that's listening on port 8080 or configure this application to listen on another port.

2026-01-18T00:02:55.127+08:00  WARN 42960 --- [main] c.a.nacos.client.logging.NacosLogging    : Load Logback Configuration of Nacos fail, message: Could not initialize Logback Nacos logging from classpath:nacos-logback.xml
2026-01-18T00:02:55.135+08:00  WARN 42960 --- [main] c.a.nacos.client.logging.NacosLogging    : Load Logback Configuration of Nacos fail, message: Could not initialize Logback Nacos logging from classpath:nacos-logback.xml
2026-01-18T00:02:55.135+08:00  INFO 42960 --- [main] com.spring.UserServiceApplication        : No active profile set, falling back to 1 default profile: "default"
2026-01-18T00:02:55.505+08:00  INFO 42960 --- [main] .s.d.r.c.RepositoryConfigurationDelegate : Multiple Spring Data modules found, entering strict repository configuration mode
2026-01-18T00:02:55.507+08:00  INFO 42960 --- [main] .s.d.r.c.RepositoryConfigurationDelegate : Bootstrapping Spring Data Redis repositories in DEFAULT mode.
2026-01-18T00:02:55.527+08:00  INFO 42960 --- [main] .s.d.r.c.RepositoryConfigurationDelegate : Finished Spring Data repository scanning in 12 ms. Found 0 Redis repository interfaces.
2026-01-18T00:02:55.667+08:00  INFO 42960 --- [main] o.s.cloud.context.scope.GenericScope     : BeanFactory id=52b90e31-2b5f-34e7-a4c7-a819ddf4926c
2026-01-18T00:02:56.006+08:00  INFO 42960 --- [main] o.s.b.w.embedded.tomcat.TomcatWebServer  : Tomcat initialized with port(s): 8080 (http)
2026-01-18T00:02:56.011+08:00  INFO 42960 --- [main] o.apache.catalina.core.StandardService   : Starting service [Tomcat]
2026-01-18T00:02:56.012+08:00  INFO 42960 --- [main] o.apache.catalina.core.StandardEngine    : Starting Servlet engine: [Apache Tomcat/10.1.16]
2026-01-18T00:02:56.086+08:00  INFO 42960 --- [main] o.a.c.c.C.[Tomcat].[localhost].[/]       : Initializing Spring embedded WebApplicationContext
2026-01-18T00:02:56.087+08:00  INFO 42960 --- [main] w.s.c.ServletWebServerApplicationContext : Root WebApplicationContext: initialization completed in 942 ms
2026-01-18T00:02:56.332+08:00  INFO 42960 --- [main] o.s.c.openfeign.FeignClientFactoryBean   : For 'blog-service' URL not provided. Will try picking an instance via load-balancing.
2026-01-18T00:02:56.752+08:00  INFO 42960 --- [main] c.a.c.sentinel.SentinelWebMvcConfigurer  : [Sentinel Starter] register SentinelWebInterceptor with urlPatterns: [/**].
2026-01-18T00:02:57.529+08:00  WARN 42960 --- [main] iguration$LoadBalancerCaffeineWarnLogger : Spring Cloud LoadBalancer is currently working with the default cache. While this cache implementation is useful for development and tests, it's recommended to use Caffeine cache in production.You can switch to using Caffeine cache, by adding it and org.springframework.cache.caffeine.CaffeineCacheManager to the classpath.
2026-01-18T00:02:57.579+08:00  WARN 42960 --- [main] ocalVariableTableParameterNameDiscoverer : Using deprecated '-debug' fallback for parameter name resolution. Compile the affected code with '-parameters' instead or avoid its introspection: org.springframework.amqp.rabbit.core.RabbitAdmin
2026-01-18T00:02:57.610+08:00  WARN 42960 --- [main] ConfigServletWebServerApplicationContext : Exception encountered during context initialization - cancelling refresh attempt: org.springframework.context.ApplicationContextException: Failed to start bean 'webServerStartStop'
2026-01-18T00:02:57.623+08:00  INFO 42960 --- [main] o.apache.catalina.core.StandardService   : Stopping service [Tomcat]
2026-01-18T00:02:57.632+08:00  INFO 42960 --- [main] .s.b.a.l.ConditionEvaluationReportLogger : 

Error starting ApplicationContext. To display the condition evaluation report re-run your application with 'debug' enabled.
2026-01-18T00:02:57.640+08:00 ERROR 42960 --- [main] o.s.b.d.LoggingFailureAnalysisReporter   : 

***************************
APPLICATION FAILED TO START
***************************

Description:

Web server failed to start. Port 8080 was already in use.

Action:

Identify and stop the process that's listening on port 8080 or configure this application to listen on another port.

2026-01-18T00:03:25.586+08:00  WARN 43448 --- [main] c.a.nacos.client.logging.NacosLogging    : Load Logback Configuration of Nacos fail, message: Could not initialize Logback Nacos logging from classpath:nacos-logback.xml
2026-01-18T00:03:25.594+08:00  WARN 43448 --- [main] c.a.nacos.client.logging.NacosLogging    : Load Logback Configuration of Nacos fail, message: Could not initialize Logback Nacos logging from classpath:nacos-logback.xml
2026-01-18T00:03:25.595+08:00  INFO 43448 --- [main] com.spring.UserServiceApplication        : No active profile set, falling back to 1 default profile: "default"
2026-01-18T00:03:25.968+08:00  INFO 43448 --- [main] .s.d.r.c.RepositoryConfigurationDelegate : Multiple Spring Data modules found, entering strict repository configuration mode
2026-01-18T00:03:25.970+08:00  INFO 43448 --- [main] .s.d.r.c.RepositoryConfigurationDelegate : Bootstrapping Spring Data Redis repositories in DEFAULT mode.
2026-01-18T00:03:25.988+08:00  INFO 43448 --- [main] .s.d.r.c.RepositoryConfigurationDelegate : Finished Spring Data repository scanning in 11 ms. Found 0 Redis repository interfaces.
2026-01-18T00:03:26.113+08:00  INFO 43448 --- [main] o.s.cloud.context.scope.GenericScope     : BeanFactory id=52b90e31-2b5f-34e7-a4c7-a819ddf4926c
2026-01-18T00:03:26.443+08:00  INFO 43448 --- [main] o.s.b.w.embedded.tomcat.TomcatWebServer  : Tomcat initialized with port(s): 8080 (http)
2026-01-18T00:03:26.447+08:00  INFO 43448 --- [main] o.apache.catalina.core.StandardService   : Starting service [Tomcat]
2026-01-18T00:03:26.447+08:00  INFO 43448 --- [main] o.apache.catalina.core.StandardEngine    : Starting Servlet engine: [Apache Tomcat/10.1.16]
2026-01-18T00:03:26.514+08:00  INFO 43448 --- [main] o.a.c.c.C.[Tomcat].[localhost].[/]       : Initializing Spring embedded WebApplicationContext
2026-01-18T00:03:26.515+08:00  INFO 43448 --- [main] w.s.c.ServletWebServerApplicationContext : Root WebApplicationContext: initialization completed in 910 ms
2026-01-18T00:03:26.789+08:00  INFO 43448 --- [main] o.s.c.openfeign.FeignClientFactoryBean   : For 'blog-service' URL not provided. Will try picking an instance via load-balancing.
2026-01-18T00:03:27.226+08:00  INFO 43448 --- [main] c.a.c.sentinel.SentinelWebMvcConfigurer  : [Sentinel Starter] register SentinelWebInterceptor with urlPatterns: [/**].
2026-01-18T00:03:27.980+08:00  WARN 43448 --- [main] iguration$LoadBalancerCaffeineWarnLogger : Spring Cloud LoadBalancer is currently working with the default cache. While this cache implementation is useful for development and tests, it's recommended to use Caffeine cache in production.You can switch to using Caffeine cache, by adding it and org.springframework.cache.caffeine.CaffeineCacheManager to the classpath.
2026-01-18T00:03:28.029+08:00  WARN 43448 --- [main] ocalVariableTableParameterNameDiscoverer : Using deprecated '-debug' fallback for parameter name resolution. Compile the affected code with '-parameters' instead or avoid its introspection: org.springframework.amqp.rabbit.core.RabbitAdmin
2026-01-18T00:03:28.058+08:00  WARN 43448 --- [main] ConfigServletWebServerApplicationContext : Exception encountered during context initialization - cancelling refresh attempt: org.springframework.context.ApplicationContextException: Failed to start bean 'webServerStartStop'
2026-01-18T00:03:28.069+08:00  INFO 43448 --- [main] o.apache.catalina.core.StandardService   : Stopping service [Tomcat]
2026-01-18T00:03:28.078+08:00  INFO 43448 --- [main] .s.b.a.l.ConditionEvaluationReportLogger : 

Error starting ApplicationContext. To display the condition evaluation report re-run your application with 'debug' enabled.
2026-01-18T00:03:28.086+08:00 ERROR 43448 --- [main] o.s.b.d.LoggingFailureAnalysisReporter   : 

***************************
APPLICATION FAILED TO START
***************************

Description:

Web server failed to start. Port 8080 was already in use.

Action:

Identify and stop the process that's listening on port 8080 or configure this application to listen on another port.

2026-01-18T00:03:55.771+08:00  WARN 28136 --- [main] c.a.nacos.client.logging.NacosLogging    : Load Logback Configuration of Nacos fail, message: Could not initialize Logback Nacos logging from classpath:nacos-logback.xml
2026-01-18T00:03:55.777+08:00  WARN 28136 --- [main] c.a.nacos.client.logging.NacosLogging    : Load Logback Configuration of Nacos fail, message: Could not initialize Logback Nacos logging from classpath:nacos-logback.xml
2026-01-18T00:03:55.778+08:00  INFO 28136 --- [main] com.spring.UserServiceApplication        : No active profile set, falling back to 1 default profile: "default"
2026-01-18T00:03:56.179+08:00  INFO 28136 --- [main] .s.d.r.c.RepositoryConfigurationDelegate : Multiple Spring Data modules found, entering strict repository configuration mode
2026-01-18T00:03:56.180+08:00  INFO 28136 --- [main] .s.d.r.c.RepositoryConfigurationDelegate : Bootstrapping Spring Data Redis repositories in DEFAULT mode.
2026-01-18T00:03:56.198+08:00  INFO 28136 --- [main] .s.d.r.c.RepositoryConfigurationDelegate : Finished Spring Data repository scanning in 11 ms. Found 0 Redis repository interfaces.
2026-01-18T00:03:56.324+08:00  INFO 28136 --- [main] o.s.cloud.context.scope.GenericScope     : BeanFactory id=52b90e31-2b5f-34e7-a4c7-a819ddf4926c
2026-01-18T00:03:56.658+08:00  INFO 28136 --- [main] o.s.b.w.embedded.tomcat.TomcatWebServer  : Tomcat initialized with port(s): 8082 (http)
2026-01-18T00:03:56.664+08:00  INFO 28136 --- [main] o.apache.catalina.core.StandardService   : Starting service [Tomcat]
2026-01-18T00:03:56.664+08:00  INFO 28136 --- [main] o.apache.catalina.core.StandardEngine    : Starting Servlet engine: [Apache Tomcat/10.1.16]
2026-01-18T00:03:56.740+08:00  INFO 28136 --- [main] o.a.c.c.C.[Tomcat].[localhost].[/]       : Initializing Spring embedded WebApplicationContext
2026-01-18T00:03:56.740+08:00  INFO 28136 --- [main] w.s.c.ServletWebServerApplicationContext : Root WebApplicationContext: initialization completed in 952 ms
2026-01-18T00:03:56.982+08:00  INFO 28136 --- [main] o.s.c.openfeign.FeignClientFactoryBean   : For 'blog-service' URL not provided. Will try picking an instance via load-balancing.
2026-01-18T00:03:57.381+08:00  INFO 28136 --- [main] c.a.c.sentinel.SentinelWebMvcConfigurer  : [Sentinel Starter] register SentinelWebInterceptor with urlPatterns: [/**].
2026-01-18T00:03:58.111+08:00  WARN 28136 --- [main] iguration$LoadBalancerCaffeineWarnLogger : Spring Cloud LoadBalancer is currently working with the default cache. While this cache implementation is useful for development and tests, it's recommended to use Caffeine cache in production.You can switch to using Caffeine cache, by adding it and org.springframework.cache.caffeine.CaffeineCacheManager to the classpath.
2026-01-18T00:03:58.160+08:00  WARN 28136 --- [main] ocalVariableTableParameterNameDiscoverer : Using deprecated '-debug' fallback for parameter name resolution. Compile the affected code with '-parameters' instead or avoid its introspection: org.springframework.amqp.rabbit.core.RabbitAdmin
2026-01-18T00:03:58.199+08:00  INFO 28136 --- [main] o.s.b.w.embedded.tomcat.TomcatWebServer  : Tomcat started on port(s): 8082 (http) with context path ''
2026-01-18T00:03:58.203+08:00  WARN 28136 --- [main] c.a.nacos.client.logging.NacosLogging    : Load Logback Configuration of Nacos fail, message: Could not initialize Logback Nacos logging from classpath:nacos-logback.xml
2026-01-18T00:03:58.203+08:00  INFO 28136 --- [main] com.alibaba.nacos.client.naming          : initializer namespace from ans.namespace attribute : null
2026-01-18T00:03:58.204+08:00  INFO 28136 --- [main] com.alibaba.nacos.client.naming          : initializer namespace from ALIBABA_ALIWARE_NAMESPACE attribute :null
2026-01-18T00:03:58.204+08:00  INFO 28136 --- [main] com.alibaba.nacos.client.naming          : initializer namespace from namespace attribute :null
2026-01-18T00:03:58.216+08:00  INFO 28136 --- [main] c.alibaba.nacos.client.utils.ParamUtil   : [settings] [req-serv] nacos-server port:8848
2026-01-18T00:03:58.217+08:00  INFO 28136 --- [main] c.alibaba.nacos.client.utils.ParamUtil   : [settings] [http-client] connect timeout:1000
2026-01-18T00:03:58.218+08:00  INFO 28136 --- [main] c.alibaba.nacos.client.utils.ParamUtil   : PER_TASK_CONFIG_SIZE: 3000.0
2026-01-18T00:03:58.221+08:00  INFO 28136 --- [main] c.a.n.p.a.s.c.ClientAuthPluginManager    : [ClientAuthPluginManager] Load ClientAuthService com.alibaba.nacos.client.auth.impl.NacosClientAuthServiceImpl success.
2026-01-18T00:03:58.221+08:00  INFO 28136 --- [main] c.a.n.p.a.s.c.ClientAuthPluginManager    : [ClientAuthPluginManager] Load ClientAuthService com.alibaba.nacos.client.auth.ram.RamClientAuthServiceImpl success.
2026-01-18T00:03:58.222+08:00  INFO 28136 --- [main] c.a.n.c.a.r.identify.CredentialWatcher   : null No credential found
2026-01-18T00:03:58.228+08:00  INFO 28136 --- [main] com.alibaba.nacos.common.remote.client   : [RpcClientFactory] create a new rpc client of e14d2128-6688-4950-aabf-dc02572bfbea
2026-01-18T00:03:58.240+08:00  INFO 28136 --- [main] com.alibaba.nacos.common.remote.client   : [e14d2128-6688-4950-aabf-dc02572bfbea] RpcClient init, ServerListFactory = com.alibaba.nacos.client.naming.core.ServerListManager
2026-01-18T00:03:58.240+08:00  INFO 28136 --- [main] com.alibaba.nacos.common.remote.client   : [e14d2128-6688-4950-aabf-dc02572bfbea] Registry connection listener to current client:com.alibaba.nacos.client.naming.remote.gprc.redo.NamingGrpcRedoService
2026-01-18T00:03:58.240+08:00  INFO 28136 --- [main] com.alibaba.nacos.common.remote.client   : [e14d2128-6688-4950-aabf-dc02572bfbea] Register server push request handler:com.alibaba.nacos.client.naming.remote.gprc.NamingPushRequestHandler
2026-01-18T00:03:58.241+08:00  INFO 28136 --- [main] com.alibaba.nacos.common.remote.client   : [e14d2128-6688-4950-aabf-dc02572bfbea] Try to connect to server on start up, server: {serverIp = '43.138.24.159', server main port = 8848}
2026-01-18T00:03:58.243+08:00  INFO 28136 --- [main] c.a.n.c.remote.client.grpc.GrpcClient    : grpc client connection server:43.138.24.159 ip,serverPort:9848,grpcTslConfig:{"sslProvider":"OPENSSL","enableTls":false,"mutualAuthEnable":false,"trustAll":false}
2026-01-18T00:03:59.114+08:00  INFO 28136 --- [main] com.alibaba.nacos.common.remote.client   : [e14d2128-6688-4950-aabf-dc02572bfbea] Success to connect to server [43.138.24.159:8848] on start up, connectionId = 1768665841031_210.41.102.137_58501
2026-01-18T00:03:59.114+08:00  INFO 28136 --- [com.alibaba.nacos.client.remote.worker] com.alibaba.nacos.common.remote.client   : [e14d2128-6688-4950-aabf-dc02572bfbea] Notify connected event to listeners.
2026-01-18T00:03:59.115+08:00  INFO 28136 --- [com.alibaba.nacos.client.remote.worker] com.alibaba.nacos.client.naming          : Grpc connection connect
2026-01-18T00:03:59.115+08:00  INFO 28136 --- [main] com.alibaba.nacos.common.remote.client   : [e14d2128-6688-4950-aabf-dc02572bfbea] Register server push request handler:com.alibaba.nacos.common.remote.client.RpcClient$ConnectResetRequestHandler
2026-01-18T00:03:59.115+08:00  INFO 28136 --- [main] com.alibaba.nacos.common.remote.client   : [e14d2128-6688-4950-aabf-dc02572bfbea] Register server push request handler:com.alibaba.nacos.common.remote.client.RpcClient$$Lambda$1424/0x000001a55a91d4b8
2026-01-18T00:03:59.115+08:00  INFO 28136 --- [main] com.alibaba.nacos.client.naming          : [REGISTER-SERVICE] public registering service user-service with instance Instance{instanceId='null', ip='192.168.31.202', port=8082, weight=1.0, healthy=true, enabled=true, ephemeral=true, clusterName='DEFAULT', serviceName='null', metadata={IPv6=null, preserved.register.source=SPRING_CLOUD}}
2026-01-18T00:03:59.162+08:00  INFO 28136 --- [main] c.a.c.n.registry.NacosServiceRegistry    : nacos registry, DEFAULT_GROUP user-service 192.168.31.202:8082 register finished
2026-01-18T00:03:59.356+08:00  INFO 28136 --- [main] o.s.a.r.c.CachingConnectionFactory       : Attempting to connect to: [43.138.24.159:5672]
2026-01-18T00:03:59.543+08:00  INFO 28136 --- [main] o.s.a.r.c.CachingConnectionFactory       : Created new connection: rabbitConnectionFactory#3b64f131:0/SimpleConnection@1c96bf1e [delegate=amqp://admin@43.138.24.159:5672/blog, localPort=58502]
2026-01-18T00:04:00.139+08:00  INFO 28136 --- [main] com.spring.UserServiceApplication        : Started UserServiceApplication in 5.285 seconds (process running for 5.822)
2026-01-18T00:04:24.074+08:00  WARN 28136 --- [Thread-6] c.a.nacos.common.notify.NotifyCenter     : [NotifyCenter] Start destroying Publisher
2026-01-18T00:04:24.074+08:00  WARN 28136 --- [Thread-9] c.a.n.common.http.HttpClientBeanHolder   : [HttpClientBeanHolder] Start destroying common HttpClient
2026-01-18T00:04:24.075+08:00  WARN 28136 --- [Thread-6] c.a.nacos.common.notify.NotifyCenter     : [NotifyCenter] Destruction of the end
2026-01-18T00:04:24.075+08:00  WARN 28136 --- [Thread-9] c.a.n.common.http.HttpClientBeanHolder   : [HttpClientBeanHolder] Destruction of the end
2026-01-18T00:04:24.122+08:00  INFO 28136 --- [org.springframework.amqp.rabbit.RabbitListenerEndpointContainer#0-2] o.s.a.r.l.SimpleMessageListenerContainer : Waiting for workers to finish.
2026-01-18T00:04:24.162+08:00  INFO 28136 --- [org.springframework.amqp.rabbit.RabbitListenerEndpointContainer#1-2] o.s.a.r.l.SimpleMessageListenerContainer : Waiting for workers to finish.
2026-01-18T00:04:24.207+08:00  INFO 28136 --- [org.springframework.amqp.rabbit.RabbitListenerEndpointContainer#0-2] o.s.a.r.l.SimpleMessageListenerContainer : Successfully waited for workers to finish.
2026-01-18T00:04:24.415+08:00  INFO 28136 --- [org.springframework.amqp.rabbit.RabbitListenerEndpointContainer#1-2] o.s.a.r.l.SimpleMessageListenerContainer : Successfully waited for workers to finish.
2026-01-18T00:04:24.485+08:00  INFO 28136 --- [SpringApplicationShutdownHook] c.a.c.n.registry.NacosServiceRegistry    : De-registering from Nacos Server now...
2026-01-18T00:04:24.485+08:00  INFO 28136 --- [SpringApplicationShutdownHook] com.alibaba.nacos.client.naming          : [DEREGISTER-SERVICE] public deregistering service user-service with instance: Instance{instanceId='null', ip='192.168.31.202', port=8082, weight=1.0, healthy=true, enabled=true, ephemeral=true, clusterName='DEFAULT', serviceName='null', metadata={}}
2026-01-18T00:04:24.527+08:00  INFO 28136 --- [SpringApplicationShutdownHook] c.a.c.n.registry.NacosServiceRegistry    : De-registration finished.
2026-01-18T00:04:24.527+08:00  INFO 28136 --- [SpringApplicationShutdownHook] com.alibaba.nacos.client.naming          : com.alibaba.nacos.client.naming.cache.ServiceInfoHolder do shutdown begin
2026-01-18T00:04:24.527+08:00  INFO 28136 --- [SpringApplicationShutdownHook] com.alibaba.nacos.client.naming          : com.alibaba.nacos.client.naming.backups.FailoverReactor do shutdown begin
2026-01-18T00:04:24.527+08:00  INFO 28136 --- [SpringApplicationShutdownHook] com.alibaba.nacos.client.naming          : com.alibaba.nacos.client.naming.backups.FailoverReactor do shutdown stop
2026-01-18T00:04:24.527+08:00  INFO 28136 --- [SpringApplicationShutdownHook] com.alibaba.nacos.client.naming          : com.alibaba.nacos.client.naming.cache.ServiceInfoHolder do shutdown stop
2026-01-18T00:04:24.527+08:00  INFO 28136 --- [SpringApplicationShutdownHook] com.alibaba.nacos.client.naming          : com.alibaba.nacos.client.naming.remote.NamingClientProxyDelegate do shutdown begin
2026-01-18T00:04:24.527+08:00  INFO 28136 --- [SpringApplicationShutdownHook] com.alibaba.nacos.client.naming          : com.alibaba.nacos.client.naming.core.ServiceInfoUpdateService do shutdown begin
2026-01-18T00:04:24.527+08:00  INFO 28136 --- [SpringApplicationShutdownHook] com.alibaba.nacos.client.naming          : com.alibaba.nacos.client.naming.core.ServiceInfoUpdateService do shutdown stop
2026-01-18T00:04:24.527+08:00  INFO 28136 --- [SpringApplicationShutdownHook] com.alibaba.nacos.client.naming          : com.alibaba.nacos.client.naming.core.ServerListManager do shutdown begin
2026-01-18T00:04:24.527+08:00  WARN 28136 --- [SpringApplicationShutdownHook] com.alibaba.nacos.client.naming          : [NamingHttpClientManager] Start destroying NacosRestTemplate
2026-01-18T00:04:24.527+08:00  WARN 28136 --- [SpringApplicationShutdownHook] com.alibaba.nacos.client.naming          : [NamingHttpClientManager] Destruction of the end
2026-01-18T00:04:24.527+08:00  INFO 28136 --- [SpringApplicationShutdownHook] com.alibaba.nacos.client.naming          : com.alibaba.nacos.client.naming.core.ServerListManager do shutdown stop
2026-01-18T00:04:24.527+08:00  INFO 28136 --- [SpringApplicationShutdownHook] com.alibaba.nacos.client.naming          : com.alibaba.nacos.client.naming.remote.http.NamingHttpClientProxy do shutdown begin
2026-01-18T00:04:24.527+08:00  WARN 28136 --- [SpringApplicationShutdownHook] com.alibaba.nacos.client.naming          : [NamingHttpClientManager] Start destroying NacosRestTemplate
2026-01-18T00:04:24.527+08:00  WARN 28136 --- [SpringApplicationShutdownHook] com.alibaba.nacos.client.naming          : [NamingHttpClientManager] Destruction of the end
2026-01-18T00:04:24.527+08:00  INFO 28136 --- [SpringApplicationShutdownHook] com.alibaba.nacos.client.naming          : com.alibaba.nacos.client.naming.remote.http.NamingHttpClientProxy do shutdown stop
2026-01-18T00:04:24.527+08:00  INFO 28136 --- [SpringApplicationShutdownHook] com.alibaba.nacos.common.remote.client   : Shutdown rpc client, set status to shutdown
2026-01-18T00:04:24.528+08:00  INFO 28136 --- [SpringApplicationShutdownHook] com.alibaba.nacos.common.remote.client   : Shutdown client event executor java.util.concurrent.ScheduledThreadPoolExecutor@4d981856[Running, pool size = 2, active threads = 2, queued tasks = 0, completed tasks = 0]
2026-01-18T00:04:24.528+08:00  INFO 28136 --- [SpringApplicationShutdownHook] com.alibaba.nacos.common.remote.client   : Close current connection 1768665841031_210.41.102.137_58501
2026-01-18T00:04:24.531+08:00  WARN 28136 --- [nacos-grpc-client-executor-43.138.24.159-15] c.a.n.c.remote.client.grpc.GrpcClient    : [1768665841031_210.41.102.137_58501]Ignore error event,isRunning:false,isAbandon=false
2026-01-18T00:04:24.533+08:00  INFO 28136 --- [SpringApplicationShutdownHook] c.a.n.c.remote.client.grpc.GrpcClient    : Shutdown grpc executor java.util.concurrent.ThreadPoolExecutor@7d4d114e[Running, pool size = 5, active threads = 0, queued tasks = 0, completed tasks = 16]
2026-01-18T00:04:24.533+08:00  INFO 28136 --- [SpringApplicationShutdownHook] com.alibaba.nacos.client.naming          : Shutdown grpc redo service executor java.util.concurrent.ScheduledThreadPoolExecutor@177309ff[Running, pool size = 1, active threads = 0, queued tasks = 1, completed tasks = 8]
2026-01-18T00:04:24.533+08:00  INFO 28136 --- [SpringApplicationShutdownHook] c.a.n.c.a.r.identify.CredentialWatcher   : [null] CredentialWatcher is stopped
2026-01-18T00:04:24.533+08:00  INFO 28136 --- [SpringApplicationShutdownHook] c.a.n.c.a.r.identify.CredentialService   : [null] CredentialService is freed
2026-01-18T00:04:24.533+08:00  INFO 28136 --- [SpringApplicationShutdownHook] com.alibaba.nacos.client.naming          : com.alibaba.nacos.client.naming.remote.NamingClientProxyDelegate do shutdown stop
2026-01-18T00:04:27.383+08:00  WARN 30740 --- [main] c.a.nacos.client.logging.NacosLogging    : Load Logback Configuration of Nacos fail, message: Could not initialize Logback Nacos logging from classpath:nacos-logback.xml
2026-01-18T00:04:27.392+08:00  WARN 30740 --- [main] c.a.nacos.client.logging.NacosLogging    : Load Logback Configuration of Nacos fail, message: Could not initialize Logback Nacos logging from classpath:nacos-logback.xml
2026-01-18T00:04:27.394+08:00  INFO 30740 --- [main] com.spring.UserServiceApplication        : No active profile set, falling back to 1 default profile: "default"
2026-01-18T00:04:27.776+08:00  INFO 30740 --- [main] .s.d.r.c.RepositoryConfigurationDelegate : Multiple Spring Data modules found, entering strict repository configuration mode
2026-01-18T00:04:27.778+08:00  INFO 30740 --- [main] .s.d.r.c.RepositoryConfigurationDelegate : Bootstrapping Spring Data Redis repositories in DEFAULT mode.
2026-01-18T00:04:27.798+08:00  INFO 30740 --- [main] .s.d.r.c.RepositoryConfigurationDelegate : Finished Spring Data repository scanning in 11 ms. Found 0 Redis repository interfaces.
2026-01-18T00:04:27.926+08:00  INFO 30740 --- [main] o.s.cloud.context.scope.GenericScope     : BeanFactory id=52b90e31-2b5f-34e7-a4c7-a819ddf4926c
2026-01-18T00:04:28.275+08:00  INFO 30740 --- [main] o.s.b.w.embedded.tomcat.TomcatWebServer  : Tomcat initialized with port(s): 8080 (http)
2026-01-18T00:04:28.280+08:00  INFO 30740 --- [main] o.apache.catalina.core.StandardService   : Starting service [Tomcat]
2026-01-18T00:04:28.281+08:00  INFO 30740 --- [main] o.apache.catalina.core.StandardEngine    : Starting Servlet engine: [Apache Tomcat/10.1.16]
2026-01-18T00:04:28.344+08:00  INFO 30740 --- [main] o.a.c.c.C.[Tomcat].[localhost].[/]       : Initializing Spring embedded WebApplicationContext
2026-01-18T00:04:28.344+08:00  INFO 30740 --- [main] w.s.c.ServletWebServerApplicationContext : Root WebApplicationContext: initialization completed in 941 ms
2026-01-18T00:04:28.621+08:00  INFO 30740 --- [main] o.s.c.openfeign.FeignClientFactoryBean   : For 'blog-service' URL not provided. Will try picking an instance via load-balancing.
2026-01-18T00:04:29.045+08:00  INFO 30740 --- [main] c.a.c.sentinel.SentinelWebMvcConfigurer  : [Sentinel Starter] register SentinelWebInterceptor with urlPatterns: [/**].
2026-01-18T00:04:29.813+08:00  WARN 30740 --- [main] iguration$LoadBalancerCaffeineWarnLogger : Spring Cloud LoadBalancer is currently working with the default cache. While this cache implementation is useful for development and tests, it's recommended to use Caffeine cache in production.You can switch to using Caffeine cache, by adding it and org.springframework.cache.caffeine.CaffeineCacheManager to the classpath.
2026-01-18T00:04:29.867+08:00  WARN 30740 --- [main] ocalVariableTableParameterNameDiscoverer : Using deprecated '-debug' fallback for parameter name resolution. Compile the affected code with '-parameters' instead or avoid its introspection: org.springframework.amqp.rabbit.core.RabbitAdmin
2026-01-18T00:04:29.899+08:00  WARN 30740 --- [main] ConfigServletWebServerApplicationContext : Exception encountered during context initialization - cancelling refresh attempt: org.springframework.context.ApplicationContextException: Failed to start bean 'webServerStartStop'
2026-01-18T00:04:29.910+08:00  INFO 30740 --- [main] o.apache.catalina.core.StandardService   : Stopping service [Tomcat]
2026-01-18T00:04:29.920+08:00  INFO 30740 --- [main] .s.b.a.l.ConditionEvaluationReportLogger : 

Error starting ApplicationContext. To display the condition evaluation report re-run your application with 'debug' enabled.
2026-01-18T00:04:29.929+08:00 ERROR 30740 --- [main] o.s.b.d.LoggingFailureAnalysisReporter   : 

***************************
APPLICATION FAILED TO START
***************************

Description:

Web server failed to start. Port 8080 was already in use.

Action:

Identify and stop the process that's listening on port 8080 or configure this application to listen on another port.

2026-01-18T00:06:06.868+08:00  WARN 44300 --- [main] c.a.nacos.client.logging.NacosLogging    : Load Logback Configuration of Nacos fail, message: Could not initialize Logback Nacos logging from classpath:nacos-logback.xml
2026-01-18T00:06:06.874+08:00  WARN 44300 --- [main] c.a.nacos.client.logging.NacosLogging    : Load Logback Configuration of Nacos fail, message: Could not initialize Logback Nacos logging from classpath:nacos-logback.xml
2026-01-18T00:06:06.876+08:00  INFO 44300 --- [main] com.spring.UserServiceApplication        : No active profile set, falling back to 1 default profile: "default"
2026-01-18T00:06:07.254+08:00  INFO 44300 --- [main] .s.d.r.c.RepositoryConfigurationDelegate : Multiple Spring Data modules found, entering strict repository configuration mode
2026-01-18T00:06:07.257+08:00  INFO 44300 --- [main] .s.d.r.c.RepositoryConfigurationDelegate : Bootstrapping Spring Data Redis repositories in DEFAULT mode.
2026-01-18T00:06:07.275+08:00  INFO 44300 --- [main] .s.d.r.c.RepositoryConfigurationDelegate : Finished Spring Data repository scanning in 11 ms. Found 0 Redis repository interfaces.
2026-01-18T00:06:07.410+08:00  INFO 44300 --- [main] o.s.cloud.context.scope.GenericScope     : BeanFactory id=52b90e31-2b5f-34e7-a4c7-a819ddf4926c
2026-01-18T00:06:07.736+08:00  INFO 44300 --- [main] o.s.b.w.embedded.tomcat.TomcatWebServer  : Tomcat initialized with port(s): 8080 (http)
2026-01-18T00:06:07.745+08:00  INFO 44300 --- [main] o.apache.catalina.core.StandardService   : Starting service [Tomcat]
2026-01-18T00:06:07.745+08:00  INFO 44300 --- [main] o.apache.catalina.core.StandardEngine    : Starting Servlet engine: [Apache Tomcat/10.1.16]
2026-01-18T00:06:07.809+08:00  INFO 44300 --- [main] o.a.c.c.C.[Tomcat].[localhost].[/]       : Initializing Spring embedded WebApplicationContext
2026-01-18T00:06:07.809+08:00  INFO 44300 --- [main] w.s.c.ServletWebServerApplicationContext : Root WebApplicationContext: initialization completed in 924 ms
2026-01-18T00:06:08.050+08:00  INFO 44300 --- [main] o.s.c.openfeign.FeignClientFactoryBean   : For 'blog-service' URL not provided. Will try picking an instance via load-balancing.
2026-01-18T00:06:08.475+08:00  INFO 44300 --- [main] c.a.c.sentinel.SentinelWebMvcConfigurer  : [Sentinel Starter] register SentinelWebInterceptor with urlPatterns: [/**].
2026-01-18T00:06:09.271+08:00  WARN 44300 --- [main] iguration$LoadBalancerCaffeineWarnLogger : Spring Cloud LoadBalancer is currently working with the default cache. While this cache implementation is useful for development and tests, it's recommended to use Caffeine cache in production.You can switch to using Caffeine cache, by adding it and org.springframework.cache.caffeine.CaffeineCacheManager to the classpath.
2026-01-18T00:06:09.324+08:00  WARN 44300 --- [main] ocalVariableTableParameterNameDiscoverer : Using deprecated '-debug' fallback for parameter name resolution. Compile the affected code with '-parameters' instead or avoid its introspection: org.springframework.amqp.rabbit.core.RabbitAdmin
2026-01-18T00:06:09.366+08:00  INFO 44300 --- [main] o.s.b.w.embedded.tomcat.TomcatWebServer  : Tomcat started on port(s): 8080 (http) with context path ''
2026-01-18T00:06:09.371+08:00  WARN 44300 --- [main] c.a.nacos.client.logging.NacosLogging    : Load Logback Configuration of Nacos fail, message: Could not initialize Logback Nacos logging from classpath:nacos-logback.xml
2026-01-18T00:06:09.371+08:00  INFO 44300 --- [main] com.alibaba.nacos.client.naming          : initializer namespace from ans.namespace attribute : null
2026-01-18T00:06:09.372+08:00  INFO 44300 --- [main] com.alibaba.nacos.client.naming          : initializer namespace from ALIBABA_ALIWARE_NAMESPACE attribute :null
2026-01-18T00:06:09.372+08:00  INFO 44300 --- [main] com.alibaba.nacos.client.naming          : initializer namespace from namespace attribute :null
2026-01-18T00:06:09.385+08:00  INFO 44300 --- [main] c.alibaba.nacos.client.utils.ParamUtil   : [settings] [req-serv] nacos-server port:8848
2026-01-18T00:06:09.387+08:00  INFO 44300 --- [main] c.alibaba.nacos.client.utils.ParamUtil   : [settings] [http-client] connect timeout:1000
2026-01-18T00:06:09.387+08:00  INFO 44300 --- [main] c.alibaba.nacos.client.utils.ParamUtil   : PER_TASK_CONFIG_SIZE: 3000.0
2026-01-18T00:06:09.390+08:00  INFO 44300 --- [main] c.a.n.p.a.s.c.ClientAuthPluginManager    : [ClientAuthPluginManager] Load ClientAuthService com.alibaba.nacos.client.auth.impl.NacosClientAuthServiceImpl success.
2026-01-18T00:06:09.390+08:00  INFO 44300 --- [main] c.a.n.p.a.s.c.ClientAuthPluginManager    : [ClientAuthPluginManager] Load ClientAuthService com.alibaba.nacos.client.auth.ram.RamClientAuthServiceImpl success.
2026-01-18T00:06:09.392+08:00  INFO 44300 --- [main] c.a.n.c.a.r.identify.CredentialWatcher   : null No credential found
2026-01-18T00:06:09.397+08:00  INFO 44300 --- [main] com.alibaba.nacos.common.remote.client   : [RpcClientFactory] create a new rpc client of 248c39d1-0870-4eb7-b05a-261b9fa7deb5
2026-01-18T00:06:09.409+08:00  INFO 44300 --- [main] com.alibaba.nacos.common.remote.client   : [248c39d1-0870-4eb7-b05a-261b9fa7deb5] RpcClient init, ServerListFactory = com.alibaba.nacos.client.naming.core.ServerListManager
2026-01-18T00:06:09.409+08:00  INFO 44300 --- [main] com.alibaba.nacos.common.remote.client   : [248c39d1-0870-4eb7-b05a-261b9fa7deb5] Registry connection listener to current client:com.alibaba.nacos.client.naming.remote.gprc.redo.NamingGrpcRedoService
2026-01-18T00:06:09.410+08:00  INFO 44300 --- [main] com.alibaba.nacos.common.remote.client   : [248c39d1-0870-4eb7-b05a-261b9fa7deb5] Register server push request handler:com.alibaba.nacos.client.naming.remote.gprc.NamingPushRequestHandler
2026-01-18T00:06:09.411+08:00  INFO 44300 --- [main] com.alibaba.nacos.common.remote.client   : [248c39d1-0870-4eb7-b05a-261b9fa7deb5] Try to connect to server on start up, server: {serverIp = '43.138.24.159', server main port = 8848}
2026-01-18T00:06:09.412+08:00  INFO 44300 --- [main] c.a.n.c.remote.client.grpc.GrpcClient    : grpc client connection server:43.138.24.159 ip,serverPort:9848,grpcTslConfig:{"sslProvider":"OPENSSL","enableTls":false,"mutualAuthEnable":false,"trustAll":false}
2026-01-18T00:06:10.286+08:00  INFO 44300 --- [main] com.alibaba.nacos.common.remote.client   : [248c39d1-0870-4eb7-b05a-261b9fa7deb5] Success to connect to server [43.138.24.159:8848] on start up, connectionId = 1768665972203_210.41.102.137_58609
2026-01-18T00:06:10.286+08:00  INFO 44300 --- [com.alibaba.nacos.client.remote.worker] com.alibaba.nacos.common.remote.client   : [248c39d1-0870-4eb7-b05a-261b9fa7deb5] Notify connected event to listeners.
2026-01-18T00:06:10.287+08:00  INFO 44300 --- [com.alibaba.nacos.client.remote.worker] com.alibaba.nacos.client.naming          : Grpc connection connect
2026-01-18T00:06:10.287+08:00  INFO 44300 --- [main] com.alibaba.nacos.common.remote.client   : [248c39d1-0870-4eb7-b05a-261b9fa7deb5] Register server push request handler:com.alibaba.nacos.common.remote.client.RpcClient$ConnectResetRequestHandler
2026-01-18T00:06:10.287+08:00  INFO 44300 --- [main] com.alibaba.nacos.common.remote.client   : [248c39d1-0870-4eb7-b05a-261b9fa7deb5] Register server push request handler:com.alibaba.nacos.common.remote.client.RpcClient$$Lambda$1424/0x000001d7b491e4f0
2026-01-18T00:06:10.288+08:00  INFO 44300 --- [main] com.alibaba.nacos.client.naming          : [REGISTER-SERVICE] public registering service user-service with instance Instance{instanceId='null', ip='192.168.31.202', port=8080, weight=1.0, healthy=true, enabled=true, ephemeral=true, clusterName='DEFAULT', serviceName='null', metadata={IPv6=null, preserved.register.source=SPRING_CLOUD}}
2026-01-18T00:06:10.335+08:00  INFO 44300 --- [main] c.a.c.n.registry.NacosServiceRegistry    : nacos registry, DEFAULT_GROUP user-service 192.168.31.202:8080 register finished
2026-01-18T00:06:10.535+08:00  INFO 44300 --- [main] o.s.a.r.c.CachingConnectionFactory       : Attempting to connect to: [43.138.24.159:5672]
2026-01-18T00:06:10.736+08:00  INFO 44300 --- [main] o.s.a.r.c.CachingConnectionFactory       : Created new connection: rabbitConnectionFactory#77cf329d:0/SimpleConnection@25093079 [delegate=amqp://admin@43.138.24.159:5672/blog, localPort=58610]
2026-01-18T00:06:11.333+08:00  INFO 44300 --- [main] com.spring.UserServiceApplication        : Started UserServiceApplication in 5.375 seconds (process running for 5.897)
2026-01-18T00:06:32.314+08:00  INFO 44300 --- [http-nio-8080-exec-1] o.a.c.c.C.[Tomcat].[localhost].[/]       : Initializing Spring DispatcherServlet 'dispatcherServlet'
2026-01-18T00:06:32.315+08:00  INFO 44300 --- [http-nio-8080-exec-1] o.s.web.servlet.DispatcherServlet        : Initializing Servlet 'dispatcherServlet'
2026-01-18T00:06:32.315+08:00  INFO 44300 --- [http-nio-8080-exec-1] o.s.web.servlet.DispatcherServlet        : Completed initialization in 0 ms
2026-01-18T00:06:32.445+08:00  INFO 44300 --- [http-nio-8080-exec-1] com.spring.controller.UserController     : 用户登录, userName: yhc11
2026-01-18T00:06:32.736+08:00  INFO 44300 --- [http-nio-8080-exec-1] com.spring.utils.RedisUtil               : Redis hasKey error key: user:yhc11
2026-01-18T00:06:32.785+08:00  INFO 44300 --- [http-nio-8080-exec-1] com.zaxxer.hikari.HikariDataSource       : HikariPool-1 - Starting...
2026-01-18T00:06:32.867+08:00  INFO 44300 --- [http-nio-8080-exec-1] com.zaxxer.hikari.pool.HikariPool        : HikariPool-1 - Added connection com.mysql.cj.jdbc.ConnectionImpl@49f3b4ce
2026-01-18T00:06:32.868+08:00  INFO 44300 --- [http-nio-8080-exec-1] com.zaxxer.hikari.HikariDataSource       : HikariPool-1 - Start completed.
2026-01-18T00:06:32.992+08:00  INFO 44300 --- [http-nio-8080-exec-1] com.spring.utils.RedisUtil               : Redis set error key: user:yhc11
2026-01-18T00:07:40.344+08:00  INFO 44300 --- [http-nio-8080-exec-9] com.alibaba.nacos.client.naming          : [SUBSCRIBE-SERVICE] service:blog-service, group:DEFAULT_GROUP, clusters: 
2026-01-18T00:07:40.391+08:00  INFO 44300 --- [http-nio-8080-exec-9] com.alibaba.nacos.client.naming          : init new ips(1) service: DEFAULT_GROUP@@blog-service -> [{"ip":"192.168.31.202","port":9090,"weight":1.0,"healthy":true,"enabled":true,"ephemeral":true,"clusterName":"DEFAULT","serviceName":"DEFAULT_GROUP@@blog-service","metadata":{"preserved.register.source":"SPRING_CLOUD"},"ipDeleteTimeout":30000,"instanceHeartBeatInterval":5000,"instanceHeartBeatTimeOut":15000}]
2026-01-18T00:07:40.396+08:00  INFO 44300 --- [http-nio-8080-exec-9] com.alibaba.nacos.client.naming          : current ips:(1) service: DEFAULT_GROUP@@blog-service -> [{"ip":"192.168.31.202","port":9090,"weight":1.0,"healthy":true,"enabled":true,"ephemeral":true,"clusterName":"DEFAULT","serviceName":"DEFAULT_GROUP@@blog-service","metadata":{"preserved.register.source":"SPRING_CLOUD"},"ipDeleteTimeout":30000,"instanceHeartBeatInterval":5000,"instanceHeartBeatTimeOut":15000}]
2026-01-18T00:07:40.964+08:00  INFO 44300 --- [nacos-grpc-client-executor-43.138.24.159-30] com.alibaba.nacos.common.remote.client   : [248c39d1-0870-4eb7-b05a-261b9fa7deb5] Receive server push request, request = NotifySubscriberRequest, requestId = 55
2026-01-18T00:07:40.965+08:00  INFO 44300 --- [nacos-grpc-client-executor-43.138.24.159-30] com.alibaba.nacos.common.remote.client   : [248c39d1-0870-4eb7-b05a-261b9fa7deb5] Ack server push request, request = NotifySubscriberRequest, requestId = 55
2026-01-18T00:08:43.264+08:00  INFO 44300 --- [http-nio-8080-exec-5] com.spring.controller.UserController     : 用户登录, userName: yhc11
2026-01-18T00:08:43.266+08:00  INFO 44300 --- [http-nio-8080-exec-5] com.spring.utils.RedisUtil               : Redis hasKey error key: user:yhc11
2026-01-18T00:08:43.272+08:00  INFO 44300 --- [http-nio-8080-exec-5] com.spring.utils.RedisUtil               : Redis set error key: user:yhc11
2026-01-18T00:08:59.105+08:00  WARN 44300 --- [Thread-6] c.a.nacos.common.notify.NotifyCenter     : [NotifyCenter] Start destroying Publisher
2026-01-18T00:08:59.105+08:00  WARN 44300 --- [Thread-9] c.a.n.common.http.HttpClientBeanHolder   : [HttpClientBeanHolder] Start destroying common HttpClient
2026-01-18T00:08:59.105+08:00  WARN 44300 --- [Thread-6] c.a.nacos.common.notify.NotifyCenter     : [NotifyCenter] Destruction of the end
2026-01-18T00:08:59.106+08:00  WARN 44300 --- [Thread-9] c.a.n.common.http.HttpClientBeanHolder   : [HttpClientBeanHolder] Destruction of the end
2026-01-18T00:08:59.142+08:00  INFO 44300 --- [org.springframework.amqp.rabbit.RabbitListenerEndpointContainer#0-2] o.s.a.r.l.SimpleMessageListenerContainer : Waiting for workers to finish.
2026-01-18T00:08:59.175+08:00  INFO 44300 --- [org.springframework.amqp.rabbit.RabbitListenerEndpointContainer#1-2] o.s.a.r.l.SimpleMessageListenerContainer : Waiting for workers to finish.
2026-01-18T00:08:59.942+08:00  INFO 44300 --- [org.springframework.amqp.rabbit.RabbitListenerEndpointContainer#0-2] o.s.a.r.l.SimpleMessageListenerContainer : Successfully waited for workers to finish.
2026-01-18T00:09:00.096+08:00  INFO 44300 --- [org.springframework.amqp.rabbit.RabbitListenerEndpointContainer#1-2] o.s.a.r.l.SimpleMessageListenerContainer : Successfully waited for workers to finish.
2026-01-18T00:09:00.160+08:00  INFO 44300 --- [SpringApplicationShutdownHook] c.a.c.n.registry.NacosServiceRegistry    : De-registering from Nacos Server now...
2026-01-18T00:09:00.161+08:00  INFO 44300 --- [SpringApplicationShutdownHook] com.alibaba.nacos.client.naming          : [DEREGISTER-SERVICE] public deregistering service user-service with instance: Instance{instanceId='null', ip='192.168.31.202', port=8080, weight=1.0, healthy=true, enabled=true, ephemeral=true, clusterName='DEFAULT', serviceName='null', metadata={}}
2026-01-18T00:09:00.196+08:00  INFO 44300 --- [SpringApplicationShutdownHook] c.a.c.n.registry.NacosServiceRegistry    : De-registration finished.
2026-01-18T00:09:00.196+08:00  INFO 44300 --- [SpringApplicationShutdownHook] com.alibaba.nacos.client.naming          : com.alibaba.nacos.client.naming.cache.ServiceInfoHolder do shutdown begin
2026-01-18T00:09:00.196+08:00  INFO 44300 --- [SpringApplicationShutdownHook] com.alibaba.nacos.client.naming          : com.alibaba.nacos.client.naming.backups.FailoverReactor do shutdown begin
2026-01-18T00:09:00.197+08:00  INFO 44300 --- [SpringApplicationShutdownHook] com.alibaba.nacos.client.naming          : com.alibaba.nacos.client.naming.backups.FailoverReactor do shutdown stop
2026-01-18T00:09:00.197+08:00  INFO 44300 --- [SpringApplicationShutdownHook] com.alibaba.nacos.client.naming          : com.alibaba.nacos.client.naming.cache.ServiceInfoHolder do shutdown stop
2026-01-18T00:09:00.197+08:00  INFO 44300 --- [SpringApplicationShutdownHook] com.alibaba.nacos.client.naming          : com.alibaba.nacos.client.naming.remote.NamingClientProxyDelegate do shutdown begin
2026-01-18T00:09:00.197+08:00  INFO 44300 --- [SpringApplicationShutdownHook] com.alibaba.nacos.client.naming          : com.alibaba.nacos.client.naming.core.ServiceInfoUpdateService do shutdown begin
2026-01-18T00:09:00.197+08:00  INFO 44300 --- [SpringApplicationShutdownHook] com.alibaba.nacos.client.naming          : com.alibaba.nacos.client.naming.core.ServiceInfoUpdateService do shutdown stop
2026-01-18T00:09:00.197+08:00  INFO 44300 --- [SpringApplicationShutdownHook] com.alibaba.nacos.client.naming          : com.alibaba.nacos.client.naming.core.ServerListManager do shutdown begin
2026-01-18T00:09:00.197+08:00  WARN 44300 --- [SpringApplicationShutdownHook] com.alibaba.nacos.client.naming          : [NamingHttpClientManager] Start destroying NacosRestTemplate
2026-01-18T00:09:00.197+08:00  WARN 44300 --- [SpringApplicationShutdownHook] com.alibaba.nacos.client.naming          : [NamingHttpClientManager] Destruction of the end
2026-01-18T00:09:00.197+08:00  INFO 44300 --- [SpringApplicationShutdownHook] com.alibaba.nacos.client.naming          : com.alibaba.nacos.client.naming.core.ServerListManager do shutdown stop
2026-01-18T00:09:00.197+08:00  INFO 44300 --- [SpringApplicationShutdownHook] com.alibaba.nacos.client.naming          : com.alibaba.nacos.client.naming.remote.http.NamingHttpClientProxy do shutdown begin
2026-01-18T00:09:00.197+08:00  WARN 44300 --- [SpringApplicationShutdownHook] com.alibaba.nacos.client.naming          : [NamingHttpClientManager] Start destroying NacosRestTemplate
2026-01-18T00:09:00.197+08:00  WARN 44300 --- [SpringApplicationShutdownHook] com.alibaba.nacos.client.naming          : [NamingHttpClientManager] Destruction of the end
2026-01-18T00:09:00.197+08:00  INFO 44300 --- [SpringApplicationShutdownHook] com.alibaba.nacos.client.naming          : com.alibaba.nacos.client.naming.remote.http.NamingHttpClientProxy do shutdown stop
2026-01-18T00:09:00.197+08:00  INFO 44300 --- [SpringApplicationShutdownHook] com.alibaba.nacos.common.remote.client   : Shutdown rpc client, set status to shutdown
2026-01-18T00:09:00.197+08:00  INFO 44300 --- [SpringApplicationShutdownHook] com.alibaba.nacos.common.remote.client   : Shutdown client event executor java.util.concurrent.ScheduledThreadPoolExecutor@45e38191[Running, pool size = 2, active threads = 2, queued tasks = 0, completed tasks = 0]
2026-01-18T00:09:00.197+08:00  INFO 44300 --- [SpringApplicationShutdownHook] com.alibaba.nacos.common.remote.client   : Close current connection 1768665972203_210.41.102.137_58609
2026-01-18T00:09:00.199+08:00  INFO 44300 --- [SpringApplicationShutdownHook] c.a.n.c.remote.client.grpc.GrpcClient    : Shutdown grpc executor java.util.concurrent.ThreadPoolExecutor@1a311b94[Running, pool size = 3, active threads = 0, queued tasks = 0, completed tasks = 46]
2026-01-18T00:09:00.199+08:00  INFO 44300 --- [SpringApplicationShutdownHook] com.alibaba.nacos.client.naming          : Shutdown grpc redo service executor java.util.concurrent.ScheduledThreadPoolExecutor@32573401[Running, pool size = 1, active threads = 0, queued tasks = 1, completed tasks = 56]
2026-01-18T00:09:00.199+08:00  INFO 44300 --- [SpringApplicationShutdownHook] c.a.n.c.a.r.identify.CredentialWatcher   : [null] CredentialWatcher is stopped
2026-01-18T00:09:00.199+08:00  INFO 44300 --- [SpringApplicationShutdownHook] c.a.n.c.a.r.identify.CredentialService   : [null] CredentialService is freed
2026-01-18T00:09:00.199+08:00  INFO 44300 --- [SpringApplicationShutdownHook] com.alibaba.nacos.client.naming          : com.alibaba.nacos.client.naming.remote.NamingClientProxyDelegate do shutdown stop
2026-01-18T00:09:00.319+08:00  INFO 44300 --- [SpringApplicationShutdownHook] com.zaxxer.hikari.HikariDataSource       : HikariPool-1 - Shutdown initiated...
2026-01-18T00:09:00.322+08:00  INFO 44300 --- [SpringApplicationShutdownHook] com.zaxxer.hikari.HikariDataSource       : HikariPool-1 - Shutdown completed.
2026-01-18T00:09:04.556+08:00  WARN 33932 --- [main] c.a.nacos.client.logging.NacosLogging    : Load Logback Configuration of Nacos fail, message: Could not initialize Logback Nacos logging from classpath:nacos-logback.xml
2026-01-18T00:09:04.564+08:00  WARN 33932 --- [main] c.a.nacos.client.logging.NacosLogging    : Load Logback Configuration of Nacos fail, message: Could not initialize Logback Nacos logging from classpath:nacos-logback.xml
2026-01-18T00:09:04.565+08:00  INFO 33932 --- [main] com.spring.UserServiceApplication        : No active profile set, falling back to 1 default profile: "default"
2026-01-18T00:09:04.971+08:00  INFO 33932 --- [main] .s.d.r.c.RepositoryConfigurationDelegate : Multiple Spring Data modules found, entering strict repository configuration mode
2026-01-18T00:09:04.973+08:00  INFO 33932 --- [main] .s.d.r.c.RepositoryConfigurationDelegate : Bootstrapping Spring Data Redis repositories in DEFAULT mode.
2026-01-18T00:09:04.994+08:00  INFO 33932 --- [main] .s.d.r.c.RepositoryConfigurationDelegate : Finished Spring Data repository scanning in 13 ms. Found 0 Redis repository interfaces.
2026-01-18T00:09:05.128+08:00  INFO 33932 --- [main] o.s.cloud.context.scope.GenericScope     : BeanFactory id=52b90e31-2b5f-34e7-a4c7-a819ddf4926c
2026-01-18T00:09:05.469+08:00  INFO 33932 --- [main] o.s.b.w.embedded.tomcat.TomcatWebServer  : Tomcat initialized with port(s): 8080 (http)
2026-01-18T00:09:05.478+08:00  INFO 33932 --- [main] o.apache.catalina.core.StandardService   : Starting service [Tomcat]
2026-01-18T00:09:05.479+08:00  INFO 33932 --- [main] o.apache.catalina.core.StandardEngine    : Starting Servlet engine: [Apache Tomcat/10.1.16]
2026-01-18T00:09:05.557+08:00  INFO 33932 --- [main] o.a.c.c.C.[Tomcat].[localhost].[/]       : Initializing Spring embedded WebApplicationContext
2026-01-18T00:09:05.557+08:00  INFO 33932 --- [main] w.s.c.ServletWebServerApplicationContext : Root WebApplicationContext: initialization completed in 981 ms
2026-01-18T00:09:05.814+08:00  INFO 33932 --- [main] o.s.c.openfeign.FeignClientFactoryBean   : For 'blog-service' URL not provided. Will try picking an instance via load-balancing.
2026-01-18T00:09:06.225+08:00  INFO 33932 --- [main] c.a.c.sentinel.SentinelWebMvcConfigurer  : [Sentinel Starter] register SentinelWebInterceptor with urlPatterns: [/**].
2026-01-18T00:09:07.017+08:00  WARN 33932 --- [main] iguration$LoadBalancerCaffeineWarnLogger : Spring Cloud LoadBalancer is currently working with the default cache. While this cache implementation is useful for development and tests, it's recommended to use Caffeine cache in production.You can switch to using Caffeine cache, by adding it and org.springframework.cache.caffeine.CaffeineCacheManager to the classpath.
2026-01-18T00:09:07.076+08:00  WARN 33932 --- [main] ocalVariableTableParameterNameDiscoverer : Using deprecated '-debug' fallback for parameter name resolution. Compile the affected code with '-parameters' instead or avoid its introspection: org.springframework.amqp.rabbit.core.RabbitAdmin
2026-01-18T00:09:07.120+08:00  INFO 33932 --- [main] o.s.b.w.embedded.tomcat.TomcatWebServer  : Tomcat started on port(s): 8080 (http) with context path ''
2026-01-18T00:09:07.125+08:00  WARN 33932 --- [main] c.a.nacos.client.logging.NacosLogging    : Load Logback Configuration of Nacos fail, message: Could not initialize Logback Nacos logging from classpath:nacos-logback.xml
2026-01-18T00:09:07.125+08:00  INFO 33932 --- [main] com.alibaba.nacos.client.naming          : initializer namespace from ans.namespace attribute : null
2026-01-18T00:09:07.125+08:00  INFO 33932 --- [main] com.alibaba.nacos.client.naming          : initializer namespace from ALIBABA_ALIWARE_NAMESPACE attribute :null
2026-01-18T00:09:07.126+08:00  INFO 33932 --- [main] com.alibaba.nacos.client.naming          : initializer namespace from namespace attribute :null
2026-01-18T00:09:07.141+08:00  INFO 33932 --- [main] c.alibaba.nacos.client.utils.ParamUtil   : [settings] [req-serv] nacos-server port:8848
2026-01-18T00:09:07.142+08:00  INFO 33932 --- [main] c.alibaba.nacos.client.utils.ParamUtil   : [settings] [http-client] connect timeout:1000
2026-01-18T00:09:07.142+08:00  INFO 33932 --- [main] c.alibaba.nacos.client.utils.ParamUtil   : PER_TASK_CONFIG_SIZE: 3000.0
2026-01-18T00:09:07.145+08:00  INFO 33932 --- [main] c.a.n.p.a.s.c.ClientAuthPluginManager    : [ClientAuthPluginManager] Load ClientAuthService com.alibaba.nacos.client.auth.impl.NacosClientAuthServiceImpl success.
2026-01-18T00:09:07.145+08:00  INFO 33932 --- [main] c.a.n.p.a.s.c.ClientAuthPluginManager    : [ClientAuthPluginManager] Load ClientAuthService com.alibaba.nacos.client.auth.ram.RamClientAuthServiceImpl success.
2026-01-18T00:09:07.147+08:00  INFO 33932 --- [main] c.a.n.c.a.r.identify.CredentialWatcher   : null No credential found
2026-01-18T00:09:07.153+08:00  INFO 33932 --- [main] com.alibaba.nacos.common.remote.client   : [RpcClientFactory] create a new rpc client of 6546f539-dff8-4f3e-9f0e-f9ad11771cfa
2026-01-18T00:09:07.167+08:00  INFO 33932 --- [main] com.alibaba.nacos.common.remote.client   : [6546f539-dff8-4f3e-9f0e-f9ad11771cfa] RpcClient init, ServerListFactory = com.alibaba.nacos.client.naming.core.ServerListManager
2026-01-18T00:09:07.167+08:00  INFO 33932 --- [main] com.alibaba.nacos.common.remote.client   : [6546f539-dff8-4f3e-9f0e-f9ad11771cfa] Registry connection listener to current client:com.alibaba.nacos.client.naming.remote.gprc.redo.NamingGrpcRedoService
2026-01-18T00:09:07.167+08:00  INFO 33932 --- [main] com.alibaba.nacos.common.remote.client   : [6546f539-dff8-4f3e-9f0e-f9ad11771cfa] Register server push request handler:com.alibaba.nacos.client.naming.remote.gprc.NamingPushRequestHandler
2026-01-18T00:09:07.168+08:00  INFO 33932 --- [main] com.alibaba.nacos.common.remote.client   : [6546f539-dff8-4f3e-9f0e-f9ad11771cfa] Try to connect to server on start up, server: {serverIp = '43.138.24.159', server main port = 8848}
2026-01-18T00:09:07.170+08:00  INFO 33932 --- [main] c.a.n.c.remote.client.grpc.GrpcClient    : grpc client connection server:43.138.24.159 ip,serverPort:9848,grpcTslConfig:{"sslProvider":"OPENSSL","enableTls":false,"mutualAuthEnable":false,"trustAll":false}
2026-01-18T00:09:08.063+08:00  INFO 33932 --- [main] com.alibaba.nacos.common.remote.client   : [6546f539-dff8-4f3e-9f0e-f9ad11771cfa] Success to connect to server [43.138.24.159:8848] on start up, connectionId = 1768666149994_210.41.102.137_58869
2026-01-18T00:09:08.073+08:00  INFO 33932 --- [com.alibaba.nacos.client.remote.worker] com.alibaba.nacos.common.remote.client   : [6546f539-dff8-4f3e-9f0e-f9ad11771cfa] Notify connected event to listeners.
2026-01-18T00:09:08.073+08:00  INFO 33932 --- [com.alibaba.nacos.client.remote.worker] com.alibaba.nacos.client.naming          : Grpc connection connect
2026-01-18T00:09:08.073+08:00  INFO 33932 --- [main] com.alibaba.nacos.common.remote.client   : [6546f539-dff8-4f3e-9f0e-f9ad11771cfa] Register server push request handler:com.alibaba.nacos.common.remote.client.RpcClient$ConnectResetRequestHandler
2026-01-18T00:09:08.073+08:00  INFO 33932 --- [main] com.alibaba.nacos.common.remote.client   : [6546f539-dff8-4f3e-9f0e-f9ad11771cfa] Register server push request handler:com.alibaba.nacos.common.remote.client.RpcClient$$Lambda$1424/0x0000022c018fc6a8
2026-01-18T00:09:08.074+08:00  INFO 33932 --- [main] com.alibaba.nacos.client.naming          : [REGISTER-SERVICE] public registering service user-service with instance Instance{instanceId='null', ip='192.168.31.202', port=8080, weight=1.0, healthy=true, enabled=true, ephemeral=true, clusterName='DEFAULT', serviceName='null', metadata={IPv6=null, preserved.register.source=SPRING_CLOUD}}
2026-01-18T00:09:08.115+08:00  INFO 33932 --- [main] c.a.c.n.registry.NacosServiceRegistry    : nacos registry, DEFAULT_GROUP user-service 192.168.31.202:8080 register finished
2026-01-18T00:09:08.309+08:00  INFO 33932 --- [main] o.s.a.r.c.CachingConnectionFactory       : Attempting to connect to: [43.138.24.159:5672]
2026-01-18T00:09:08.468+08:00  INFO 33932 --- [main] o.s.a.r.c.CachingConnectionFactory       : Created new connection: rabbitConnectionFactory#77cf329d:0/SimpleConnection@78839c2e [delegate=amqp://admin@43.138.24.159:5672/blog, localPort=58871]
2026-01-18T00:09:08.958+08:00  INFO 33932 --- [main] com.spring.UserServiceApplication        : Started UserServiceApplication in 5.438 seconds (process running for 5.975)
2026-01-18T00:10:00.833+08:00  WARN 33932 --- [Thread-9] c.a.n.common.http.HttpClientBeanHolder   : [HttpClientBeanHolder] Start destroying common HttpClient
2026-01-18T00:10:00.834+08:00  WARN 33932 --- [Thread-6] c.a.nacos.common.notify.NotifyCenter     : [NotifyCenter] Start destroying Publisher
2026-01-18T00:10:00.834+08:00  WARN 33932 --- [Thread-6] c.a.nacos.common.notify.NotifyCenter     : [NotifyCenter] Destruction of the end
2026-01-18T00:10:00.834+08:00  WARN 33932 --- [Thread-9] c.a.n.common.http.HttpClientBeanHolder   : [HttpClientBeanHolder] Destruction of the end
2026-01-18T00:10:00.869+08:00  INFO 33932 --- [org.springframework.amqp.rabbit.RabbitListenerEndpointContainer#0-2] o.s.a.r.l.SimpleMessageListenerContainer : Waiting for workers to finish.
2026-01-18T00:10:00.903+08:00  INFO 33932 --- [org.springframework.amqp.rabbit.RabbitListenerEndpointContainer#1-2] o.s.a.r.l.SimpleMessageListenerContainer : Waiting for workers to finish.
2026-01-18T00:10:01.383+08:00  INFO 33932 --- [org.springframework.amqp.rabbit.RabbitListenerEndpointContainer#0-2] o.s.a.r.l.SimpleMessageListenerContainer : Successfully waited for workers to finish.
2026-01-18T00:10:01.503+08:00  INFO 33932 --- [org.springframework.amqp.rabbit.RabbitListenerEndpointContainer#1-2] o.s.a.r.l.SimpleMessageListenerContainer : Successfully waited for workers to finish.
2026-01-18T00:10:01.560+08:00  INFO 33932 --- [SpringApplicationShutdownHook] c.a.c.n.registry.NacosServiceRegistry    : De-registering from Nacos Server now...
2026-01-18T00:10:01.561+08:00  INFO 33932 --- [SpringApplicationShutdownHook] com.alibaba.nacos.client.naming          : [DEREGISTER-SERVICE] public deregistering service user-service with instance: Instance{instanceId='null', ip='192.168.31.202', port=8080, weight=1.0, healthy=true, enabled=true, ephemeral=true, clusterName='DEFAULT', serviceName='null', metadata={}}
2026-01-18T00:10:01.595+08:00  INFO 33932 --- [SpringApplicationShutdownHook] c.a.c.n.registry.NacosServiceRegistry    : De-registration finished.
2026-01-18T00:10:01.597+08:00  INFO 33932 --- [SpringApplicationShutdownHook] com.alibaba.nacos.client.naming          : com.alibaba.nacos.client.naming.cache.ServiceInfoHolder do shutdown begin
2026-01-18T00:10:01.597+08:00  INFO 33932 --- [SpringApplicationShutdownHook] com.alibaba.nacos.client.naming          : com.alibaba.nacos.client.naming.backups.FailoverReactor do shutdown begin
2026-01-18T00:10:01.597+08:00  INFO 33932 --- [SpringApplicationShutdownHook] com.alibaba.nacos.client.naming          : com.alibaba.nacos.client.naming.backups.FailoverReactor do shutdown stop
2026-01-18T00:10:01.597+08:00  INFO 33932 --- [SpringApplicationShutdownHook] com.alibaba.nacos.client.naming          : com.alibaba.nacos.client.naming.cache.ServiceInfoHolder do shutdown stop
2026-01-18T00:10:01.597+08:00  INFO 33932 --- [SpringApplicationShutdownHook] com.alibaba.nacos.client.naming          : com.alibaba.nacos.client.naming.remote.NamingClientProxyDelegate do shutdown begin
2026-01-18T00:10:01.597+08:00  INFO 33932 --- [SpringApplicationShutdownHook] com.alibaba.nacos.client.naming          : com.alibaba.nacos.client.naming.core.ServiceInfoUpdateService do shutdown begin
2026-01-18T00:10:01.597+08:00  INFO 33932 --- [SpringApplicationShutdownHook] com.alibaba.nacos.client.naming          : com.alibaba.nacos.client.naming.core.ServiceInfoUpdateService do shutdown stop
2026-01-18T00:10:01.597+08:00  INFO 33932 --- [SpringApplicationShutdownHook] com.alibaba.nacos.client.naming          : com.alibaba.nacos.client.naming.core.ServerListManager do shutdown begin
2026-01-18T00:10:01.597+08:00  WARN 33932 --- [SpringApplicationShutdownHook] com.alibaba.nacos.client.naming          : [NamingHttpClientManager] Start destroying NacosRestTemplate
2026-01-18T00:10:01.597+08:00  WARN 33932 --- [SpringApplicationShutdownHook] com.alibaba.nacos.client.naming          : [NamingHttpClientManager] Destruction of the end
2026-01-18T00:10:01.597+08:00  INFO 33932 --- [SpringApplicationShutdownHook] com.alibaba.nacos.client.naming          : com.alibaba.nacos.client.naming.core.ServerListManager do shutdown stop
2026-01-18T00:10:01.597+08:00  INFO 33932 --- [SpringApplicationShutdownHook] com.alibaba.nacos.client.naming          : com.alibaba.nacos.client.naming.remote.http.NamingHttpClientProxy do shutdown begin
2026-01-18T00:10:01.597+08:00  WARN 33932 --- [SpringApplicationShutdownHook] com.alibaba.nacos.client.naming          : [NamingHttpClientManager] Start destroying NacosRestTemplate
2026-01-18T00:10:01.597+08:00  WARN 33932 --- [SpringApplicationShutdownHook] com.alibaba.nacos.client.naming          : [NamingHttpClientManager] Destruction of the end
2026-01-18T00:10:01.597+08:00  INFO 33932 --- [SpringApplicationShutdownHook] com.alibaba.nacos.client.naming          : com.alibaba.nacos.client.naming.remote.http.NamingHttpClientProxy do shutdown stop
2026-01-18T00:10:01.597+08:00  INFO 33932 --- [SpringApplicationShutdownHook] com.alibaba.nacos.common.remote.client   : Shutdown rpc client, set status to shutdown
2026-01-18T00:10:01.597+08:00  INFO 33932 --- [SpringApplicationShutdownHook] com.alibaba.nacos.common.remote.client   : Shutdown client event executor java.util.concurrent.ScheduledThreadPoolExecutor@481e116a[Running, pool size = 2, active threads = 2, queued tasks = 0, completed tasks = 0]
2026-01-18T00:10:01.597+08:00  INFO 33932 --- [SpringApplicationShutdownHook] com.alibaba.nacos.common.remote.client   : Close current connection 1768666149994_210.41.102.137_58869
2026-01-18T00:10:01.599+08:00  WARN 33932 --- [nacos-grpc-client-executor-43.138.24.159-21] c.a.n.c.remote.client.grpc.GrpcClient    : [1768666149994_210.41.102.137_58869]Ignore error event,isRunning:false,isAbandon=false
2026-01-18T00:10:01.600+08:00  INFO 33932 --- [SpringApplicationShutdownHook] c.a.n.c.remote.client.grpc.GrpcClient    : Shutdown grpc executor java.util.concurrent.ThreadPoolExecutor@6704cc79[Running, pool size = 4, active threads = 0, queued tasks = 0, completed tasks = 22]
2026-01-18T00:10:01.600+08:00  INFO 33932 --- [SpringApplicationShutdownHook] com.alibaba.nacos.client.naming          : Shutdown grpc redo service executor java.util.concurrent.ScheduledThreadPoolExecutor@38fcda1d[Running, pool size = 1, active threads = 0, queued tasks = 1, completed tasks = 18]
2026-01-18T00:10:01.600+08:00  INFO 33932 --- [SpringApplicationShutdownHook] c.a.n.c.a.r.identify.CredentialWatcher   : [null] CredentialWatcher is stopped
2026-01-18T00:10:01.600+08:00  INFO 33932 --- [SpringApplicationShutdownHook] c.a.n.c.a.r.identify.CredentialService   : [null] CredentialService is freed
2026-01-18T00:10:01.600+08:00  INFO 33932 --- [SpringApplicationShutdownHook] com.alibaba.nacos.client.naming          : com.alibaba.nacos.client.naming.remote.NamingClientProxyDelegate do shutdown stop
